#
# There is insufficient memory for the Java Runtime Environment to continue.
# Native memory allocation (mmap) failed to map 245366784 bytes for Failed to commit area from 0x000000008ea00000 to 0x000000009d400000 of length 245366784.
# Possible reasons:
#   The system is out of physical RAM or swap space
#   The process is running with CompressedOops enabled, and the Java Heap may be blocking the growth of the native heap
# Possible solutions:
#   Reduce memory load on the system
#   Increase physical memory or swap space
#   Check if swap backing store is full
#   Decrease Java heap size (-Xmx/-Xms)
#   Decrease number of Java threads
#   Decrease Java thread stack sizes (-Xss)
#   Set larger code cache with -XX:ReservedCodeCacheSize=
#   JVM is running with Unscaled Compressed Oops mode in which the Java heap is
#     placed in the first 4GB address space. The Java Heap base address is the
#     maximum limit for the native heap growth. Please use -XX:HeapBaseMinAddress
#     to set the Java Heap base and to place the Java Heap above 4GB virtual address.
# This output file may be truncated or incomplete.
#
#  Out of Memory Error (./open/src/hotspot/os/windows/os_windows.cpp:3273), pid=11316, tid=17620
#
# JRE version: Java(TM) SE Runtime Environment 18.9 (11.0.12+8) (build 11.0.12+8-LTS-237)
# Java VM: Java HotSpot(TM) 64-Bit Server VM 18.9 (11.0.12+8-LTS-237, mixed mode, tiered, compressed oops, g1 gc, windows-amd64)
# No core dump will be written. Minidumps are not enabled by default on client versions of Windows
#

---------------  S U M M A R Y ------------

Command Line: --add-opens=java.base/java.util=ALL-UNNAMED --add-opens=java.base/java.lang=ALL-UNNAMED --add-opens=java.base/java.lang.invoke=ALL-UNNAMED --add-opens=java.base/java.util=ALL-UNNAMED --add-opens=java.prefs/java.util.prefs=ALL-UNNAMED --add-opens=java.prefs/java.util.prefs=ALL-UNNAMED --add-opens=java.base/java.nio.charset=ALL-UNNAMED --add-opens=java.base/java.net=ALL-UNNAMED --add-opens=java.base/java.util.concurrent.atomic=ALL-UNNAMED -Xmx2048m -Dfile.encoding=UTF-8 -Duser.country=IN -Duser.language=en -Duser.variant org.gradle.launcher.daemon.bootstrap.GradleDaemon 7.0.2

Host: Intel(R) Core(TM) i5-9300H CPU @ 2.40GHz, 8 cores, 7G,  Windows 10 , 64 bit Build 19041 (10.0.19041.1202)
Time: Mon Oct 11 00:45:05 2021 India Standard Time elapsed time: 21.696328 seconds (0d 0h 0m 21s)

---------------  T H R E A D  ---------------

Current thread (0x0000019c5241b000):  VMThread "VM Thread" [stack: 0x00000006e1300000,0x00000006e1400000] [id=17620]

Stack: [0x00000006e1300000,0x00000006e1400000]
[error occurred during error reporting (printing stack bounds), id 0xc0000005, EXCEPTION_ACCESS_VIOLATION (0xc0000005) at pc=0x0000019c3b2f0f2d]

Native frames: (J=compiled Java code, j=interpreted, Vv=VM code, C=native code)
V  [jvm.dll+0x617d9a]
V  [jvm.dll+0x74eeef]
V  [jvm.dll+0x750599]
V  [jvm.dll+0x750b85]
V  [jvm.dll+0x750b3b]
V  [jvm.dll+0x6175d3]
V  [jvm.dll+0x617998]
C  [ntdll.dll+0xa20cf]
C  [ntdll.dll+0x51454]
C  [ntdll.dll+0xa0bfe]
C  0x0000019c3b2f0f2d

VM_Operation (0x00000006e66fdb00): G1CollectForAllocation, mode: safepoint, requested by thread 0x0000019c56bc7800


---------------  P R O C E S S  ---------------

Threads class SMR info:
_java_thread_list=0x0000019c6157f070, length=80, elements={
0x0000019c32e29800, 0x0000019c5241e000, 0x0000019c52428800, 0x0000019c52431800,
0x0000019c52432800, 0x0000019c52433800, 0x0000019c52442000, 0x0000019c52444000,
0x0000019c5244f800, 0x0000019c52eef000, 0x0000019c552d9000, 0x0000019c5602a800,
0x0000019c52fd3000, 0x0000019c546e1000, 0x0000019c558f8000, 0x0000019c546b0800,
0x0000019c55594000, 0x0000019c55362800, 0x0000019c55af4800, 0x0000019c55040000,
0x0000019c55aaf000, 0x0000019c55ab0000, 0x0000019c55ab0800, 0x0000019c55aad800,
0x0000019c55aae000, 0x0000019c55aab000, 0x0000019c55ab1800, 0x0000019c55aab800,
0x0000019c55aac800, 0x0000019c583ef000, 0x0000019c583ee000, 0x0000019c583ef800,
0x0000019c583f5800, 0x0000019c583f1800, 0x0000019c583f7000, 0x0000019c583f8000,
0x0000019c583f2000, 0x0000019c583f4800, 0x0000019c583f8800, 0x0000019c583f3000,
0x0000019c583f9800, 0x0000019c583f4000, 0x0000019c583fa800, 0x0000019c583fb000,
0x0000019c583fc000, 0x0000019c58d29000, 0x0000019c58d28000, 0x0000019c58d27000,
0x0000019c58d2e800, 0x0000019c58d29800, 0x0000019c58d30000, 0x0000019c58d2a800,
0x0000019c58d31000, 0x0000019c58d2b800, 0x0000019c58d32000, 0x0000019c58d32800,
0x0000019c58d2d000, 0x0000019c58d33800, 0x0000019c58d2e000, 0x0000019c59a0e800,
0x0000019c58d34800, 0x0000019c58d35000, 0x0000019c58d36000, 0x0000019c56bcb800,
0x0000019c56bc8800, 0x0000019c56bc9000, 0x0000019c56bcb000, 0x0000019c56bca000,
0x0000019c56bc6000, 0x0000019c56bcc800, 0x0000019c56bc6800, 0x0000019c56bcd000,
0x0000019c56bc7800, 0x0000019c56bd3000, 0x0000019c56bd4000, 0x0000019c56bd2000,
0x0000019c56bd0800, 0x0000019c56bce000, 0x0000019c56bd1800, 0x0000019c56bcf000
}

Java Threads: ( => current thread )
  0x0000019c32e29800 JavaThread "main" [_thread_blocked, id=25988, stack(0x00000006e0d00000,0x00000006e0e00000)]
  0x0000019c5241e000 JavaThread "Reference Handler" daemon [_thread_blocked, id=22912, stack(0x00000006e1400000,0x00000006e1500000)]
  0x0000019c52428800 JavaThread "Finalizer" daemon [_thread_blocked, id=21024, stack(0x00000006e1500000,0x00000006e1600000)]
  0x0000019c52431800 JavaThread "Signal Dispatcher" daemon [_thread_blocked, id=10992, stack(0x00000006e1600000,0x00000006e1700000)]
  0x0000019c52432800 JavaThread "Attach Listener" daemon [_thread_blocked, id=27456, stack(0x00000006e1700000,0x00000006e1800000)]
  0x0000019c52433800 JavaThread "Service Thread" daemon [_thread_blocked, id=25528, stack(0x00000006e1800000,0x00000006e1900000)]
  0x0000019c52442000 JavaThread "C2 CompilerThread0" daemon [_thread_blocked, id=23280, stack(0x00000006e1900000,0x00000006e1a00000)]
  0x0000019c52444000 JavaThread "C1 CompilerThread0" daemon [_thread_blocked, id=24264, stack(0x00000006e1a00000,0x00000006e1b00000)]
  0x0000019c5244f800 JavaThread "Sweeper thread" daemon [_thread_blocked, id=22212, stack(0x00000006e1b00000,0x00000006e1c00000)]
  0x0000019c52eef000 JavaThread "Common-Cleaner" daemon [_thread_blocked, id=26724, stack(0x00000006e1c00000,0x00000006e1d00000)]
  0x0000019c552d9000 JavaThread "Daemon health stats" [_thread_blocked, id=23488, stack(0x00000006e2100000,0x00000006e2200000)]
  0x0000019c5602a800 JavaThread "Incoming local TCP Connector on port 64150" [_thread_in_native, id=27028, stack(0x00000006e1e00000,0x00000006e1f00000)]
  0x0000019c52fd3000 JavaThread "Daemon periodic checks" [_thread_blocked, id=26440, stack(0x00000006e2200000,0x00000006e2300000)]
  0x0000019c546e1000 JavaThread "Daemon" [_thread_blocked, id=27504, stack(0x00000006e2300000,0x00000006e2400000)]
  0x0000019c558f8000 JavaThread "Handler for socket connection from /127.0.0.1:64150 to /127.0.0.1:64151" [_thread_in_native, id=10176, stack(0x00000006e2400000,0x00000006e2500000)]
  0x0000019c546b0800 JavaThread "Cancel handler" [_thread_blocked, id=1920, stack(0x00000006e2500000,0x00000006e2600000)]
  0x0000019c55594000 JavaThread "Daemon worker" [_thread_blocked, id=26400, stack(0x00000006e2600000,0x00000006e2700000)]
  0x0000019c55362800 JavaThread "Asynchronous log dispatcher for DefaultDaemonConnection: socket connection from /127.0.0.1:64150 to /127.0.0.1:64151" [_thread_blocked, id=12872, stack(0x00000006e2d00000,0x00000006e2e00000)]
  0x0000019c55af4800 JavaThread "Stdin handler" [_thread_blocked, id=2944, stack(0x00000006e2e00000,0x00000006e2f00000)]
  0x0000019c55040000 JavaThread "Daemon client event forwarder" [_thread_blocked, id=25424, stack(0x00000006e2f00000,0x00000006e3000000)]
  0x0000019c55aaf000 JavaThread "Cache worker for file hash cache (C:\Users\faizm\.gradle\caches\7.0.2\fileHashes)" [_thread_blocked, id=3816, stack(0x00000006e3000000,0x00000006e3100000)]
  0x0000019c55ab0000 JavaThread "File lock request listener" [_thread_in_native, id=23172, stack(0x00000006e3100000,0x00000006e3200000)]
  0x0000019c55ab0800 JavaThread "Cache worker for journal cache (C:\Users\faizm\.gradle\caches\journal-1)" [_thread_blocked, id=26752, stack(0x00000006e3300000,0x00000006e3400000)]
  0x0000019c55aad800 JavaThread "Cache worker for file hash cache (C:\Users\faizm\AndroidStudioProjects\NetcampProject\.gradle\7.0.2\fileHashes)" [_thread_blocked, id=3284, stack(0x00000006e3400000,0x00000006e3500000)]
  0x0000019c55aae000 JavaThread "File watcher server" daemon [_thread_blocked, id=22576, stack(0x00000006e3500000,0x00000006e3600000)]
  0x0000019c55aab000 JavaThread "File watcher consumer" daemon [_thread_blocked, id=27164, stack(0x00000006e3600000,0x00000006e3700000)]
  0x0000019c55ab1800 JavaThread "Cache worker for checksums cache (C:\Users\faizm\AndroidStudioProjects\NetcampProject\.gradle\checksums)" [_thread_blocked, id=26604, stack(0x00000006e3700000,0x00000006e3800000)]
  0x0000019c55aab800 JavaThread "Cache worker for cache directory md-supplier (C:\Users\faizm\.gradle\caches\7.0.2\md-supplier)" [_thread_blocked, id=14876, stack(0x00000006e3800000,0x00000006e3900000)]
  0x0000019c55aac800 JavaThread "Cache worker for cache directory md-rule (C:\Users\faizm\.gradle\caches\7.0.2\md-rule)" [_thread_blocked, id=17160, stack(0x00000006e3900000,0x00000006e3a00000)]
  0x0000019c583ef000 JavaThread "Cache worker for execution history cache (C:\Users\faizm\.gradle\caches\7.0.2\executionHistory)" [_thread_blocked, id=26064, stack(0x00000006e3a00000,0x00000006e3b00000)]
  0x0000019c583ee000 JavaThread "jar transforms" [_thread_blocked, id=18128, stack(0x00000006e3b00000,0x00000006e3c00000)]
  0x0000019c583ef800 JavaThread "jar transforms Thread 2" [_thread_blocked, id=23676, stack(0x00000006e3c00000,0x00000006e3d00000)]
  0x0000019c583f5800 JavaThread "Cache worker for file content cache (C:\Users\faizm\.gradle\caches\7.0.2\fileContent)" [_thread_blocked, id=3660, stack(0x00000006e3d00000,0x00000006e3e00000)]
  0x0000019c583f1800 JavaThread "Cache worker for dependencies-accessors (C:\Users\faizm\AndroidStudioProjects\NetcampProject\.gradle\7.0.2\dependencies-accessors)" [_thread_blocked, id=26768, stack(0x00000006e3e00000,0x00000006e3f00000)]
  0x0000019c583f7000 JavaThread "jar transforms Thread 3" [_thread_blocked, id=24984, stack(0x00000006e3f00000,0x00000006e4000000)]
  0x0000019c583f8000 JavaThread "Cache worker for Build Output Cleanup Cache (C:\Users\faizm\AndroidStudioProjects\NetcampProject\.gradle\buildOutputCleanup)" [_thread_blocked, id=22028, stack(0x00000006e4000000,0x00000006e4100000)]
  0x0000019c583f2000 JavaThread "Build operations" [_thread_blocked, id=5108, stack(0x00000006e4100000,0x00000006e4200000)]
  0x0000019c583f4800 JavaThread "Build operations Thread 2" [_thread_blocked, id=23664, stack(0x00000006e4200000,0x00000006e4300000)]
  0x0000019c583f8800 JavaThread "Build operations Thread 3" [_thread_blocked, id=3852, stack(0x00000006e4300000,0x00000006e4400000)]
  0x0000019c583f3000 JavaThread "Build operations Thread 4" [_thread_blocked, id=13328, stack(0x00000006e4400000,0x00000006e4500000)]
  0x0000019c583f9800 JavaThread "Build operations Thread 5" [_thread_blocked, id=13872, stack(0x00000006e4500000,0x00000006e4600000)]
  0x0000019c583f4000 JavaThread "Build operations Thread 6" [_thread_blocked, id=26628, stack(0x00000006e4600000,0x00000006e4700000)]
  0x0000019c583fa800 JavaThread "Build operations Thread 7" [_thread_blocked, id=26876, stack(0x00000006e4700000,0x00000006e4800000)]
  0x0000019c583fb000 JavaThread "Build operations Thread 8" [_thread_blocked, id=7068, stack(0x00000006e4800000,0x00000006e4900000)]
  0x0000019c583fc000 JavaThread "jar transforms Thread 4" [_thread_blocked, id=27604, stack(0x00000006e4900000,0x00000006e4a00000)]
  0x0000019c58d29000 JavaThread "jar transforms Thread 5" [_thread_blocked, id=22068, stack(0x00000006e4a00000,0x00000006e4b00000)]
  0x0000019c58d28000 JavaThread "jar transforms Thread 6" [_thread_blocked, id=26224, stack(0x00000006e4b00000,0x00000006e4c00000)]
  0x0000019c58d27000 JavaThread "jar transforms Thread 7" [_thread_blocked, id=19428, stack(0x00000006e4c00000,0x00000006e4d00000)]
  0x0000019c58d2e800 JavaThread "jar transforms Thread 8" [_thread_blocked, id=25284, stack(0x00000006e4d00000,0x00000006e4e00000)]
  0x0000019c58d29800 JavaThread "Memory manager" [_thread_blocked, id=8404, stack(0x00000006e4e00000,0x00000006e4f00000)]
  0x0000019c58d30000 JavaThread "build event listener" [_thread_blocked, id=26852, stack(0x00000006e4f00000,0x00000006e5000000)]
  0x0000019c58d2a800 JavaThread "Execution worker for ':'" [_thread_blocked, id=5808, stack(0x00000006e5000000,0x00000006e5100000)]
  0x0000019c58d31000 JavaThread "Execution worker for ':' Thread 2" [_thread_blocked, id=26272, stack(0x00000006e5100000,0x00000006e5200000)]
  0x0000019c58d2b800 JavaThread "Execution worker for ':' Thread 3" [_thread_blocked, id=4912, stack(0x00000006e5200000,0x00000006e5300000)]
  0x0000019c58d32000 JavaThread "Execution worker for ':' Thread 4" [_thread_blocked, id=26004, stack(0x00000006e5300000,0x00000006e5400000)]
  0x0000019c58d32800 JavaThread "Execution worker for ':' Thread 5" [_thread_blocked, id=20600, stack(0x00000006e5400000,0x00000006e5500000)]
  0x0000019c58d2d000 JavaThread "Execution worker for ':' Thread 6" [_thread_blocked, id=26484, stack(0x00000006e5500000,0x00000006e5600000)]
  0x0000019c58d33800 JavaThread "Execution worker for ':' Thread 7" [_thread_blocked, id=21628, stack(0x00000006e5600000,0x00000006e5700000)]
  0x0000019c58d2e000 JavaThread "Cache worker for execution history cache (C:\Users\faizm\AndroidStudioProjects\NetcampProject\.gradle\7.0.2\executionHistory)" [_thread_blocked, id=26696, stack(0x00000006e5700000,0x00000006e5800000)]
  0x0000019c59a0e800 JavaThread "C2 CompilerThread1" daemon [_thread_in_native, id=27184, stack(0x00000006e2c00000,0x00000006e2d00000)]
  0x0000019c58d34800 JavaThread "WorkerExecutor Queue" [_thread_blocked, id=23988, stack(0x00000006e5800000,0x00000006e5900000)]
  0x0000019c58d35000 JavaThread "WorkerExecutor Queue Thread 2" [_thread_blocked, id=26956, stack(0x00000006e5900000,0x00000006e5a00000)]
  0x0000019c58d36000 JavaThread "WorkerExecutor Queue Thread 3" [_thread_blocked, id=4744, stack(0x00000006e5b00000,0x00000006e5c00000)]
  0x0000019c56bcb800 JavaThread "WorkerExecutor Queue Thread 4" [_thread_blocked, id=10088, stack(0x00000006e5d00000,0x00000006e5e00000)]
  0x0000019c56bc8800 JavaThread "WorkerExecutor Queue Thread 5" [_thread_blocked, id=27372, stack(0x00000006e5e00000,0x00000006e5f00000)]
  0x0000019c56bc9000 JavaThread "WorkerExecutor Queue Thread 7" [_thread_blocked, id=19404, stack(0x00000006e6000000,0x00000006e6100000)]
  0x0000019c56bcb000 JavaThread "WorkerExecutor Queue Thread 8" [_thread_blocked, id=26076, stack(0x00000006e6100000,0x00000006e6200000)]
  0x0000019c56bca000 JavaThread "WorkerExecutor Queue Thread 9" [_thread_blocked, id=27472, stack(0x00000006e6200000,0x00000006e6300000)]
  0x0000019c56bc6000 JavaThread "pool-3-thread-1" [_thread_blocked, id=13712, stack(0x00000006e5f00000,0x00000006e6000000)]
  0x0000019c56bcc800 JavaThread "stderr" [_thread_in_native, id=18076, stack(0x00000006e6300000,0x00000006e6400000)]
  0x0000019c56bc6800 JavaThread "stdout" [_thread_in_native, id=21408, stack(0x00000006e6400000,0x00000006e6500000)]
  0x0000019c56bcd000 JavaThread "WorkerExecutor Queue Thread 10" [_thread_blocked, id=13596, stack(0x00000006e6500000,0x00000006e6600000)]
  0x0000019c56bc7800 JavaThread "ForkJoinPool-1-worker-3" daemon [_thread_blocked, id=11324, stack(0x00000006e6600000,0x00000006e6700000)]
  0x0000019c56bd3000 JavaThread "ForkJoinPool-1-worker-5" daemon [_thread_blocked, id=19600, stack(0x00000006e6700000,0x00000006e6800000)]
  0x0000019c56bd4000 JavaThread "ForkJoinPool-1-worker-7" daemon [_thread_blocked, id=532, stack(0x00000006e6800000,0x00000006e6900000)]
  0x0000019c56bd2000 JavaThread "ForkJoinPool-1-worker-9" daemon [_thread_blocked, id=1176, stack(0x00000006e6900000,0x00000006e6a00000)]
  0x0000019c56bd0800 JavaThread "ForkJoinPool-1-worker-11" daemon [_thread_blocked, id=26632, stack(0x00000006e6a00000,0x00000006e6b00000)]
  0x0000019c56bce000 JavaThread "ForkJoinPool-1-worker-13" daemon [_thread_blocked, id=26968, stack(0x00000006e6b00000,0x00000006e6c00000)]
  0x0000019c56bd1800 JavaThread "ForkJoinPool-1-worker-1" daemon [_thread_blocked, id=15920, stack(0x00000006e6c00000,0x00000006e6d00000)]
  0x0000019c56bcf000 JavaThread "ForkJoinPool-1-worker-15" daemon [_thread_blocked, id=27228, stack(0x00000006e6d00000,0x00000006e6e00000)]

Other Threads:
=>0x0000019c5241b000 VMThread "VM Thread" [stack: 0x00000006e1300000,0x00000006e1400000] [id=17620]
  0x0000019c52f0d800 WatcherThread [stack: 0x00000006e1d00000,0x00000006e1e00000] [id=27280]
  0x0000019c32e40000 GCTaskThread "GC Thread#0" [stack: 0x00000006e0e00000,0x00000006e0f00000] [id=8180]
  0x0000019c533bb000 GCTaskThread "GC Thread#1" [stack: 0x00000006e1f00000,0x00000006e2000000] [id=25872]
  0x0000019c53c5c000 GCTaskThread "GC Thread#2" [stack: 0x00000006e2000000,0x00000006e2100000] [id=27008]
  0x0000019c541d9000 GCTaskThread "GC Thread#3" [stack: 0x00000006e2700000,0x00000006e2800000] [id=21616]
  0x0000019c55400800 GCTaskThread "GC Thread#4" [stack: 0x00000006e2800000,0x00000006e2900000] [id=27004]
  0x0000019c556c6000 GCTaskThread "GC Thread#5" [stack: 0x00000006e2900000,0x00000006e2a00000] [id=3056]
  0x0000019c54779800 GCTaskThread "GC Thread#6" [stack: 0x00000006e2a00000,0x00000006e2b00000] [id=13792]
  0x0000019c54f98800 GCTaskThread "GC Thread#7" [stack: 0x00000006e2b00000,0x00000006e2c00000] [id=17708]
  0x0000019c32e73000 ConcurrentGCThread "G1 Main Marker" [stack: 0x00000006e0f00000,0x00000006e1000000] [id=26936]
  0x0000019c32e74800 ConcurrentGCThread "G1 Conc#0" [stack: 0x00000006e1000000,0x00000006e1100000] [id=25052]
  0x0000019c55319800 ConcurrentGCThread "G1 Conc#1" [stack: 0x00000006e3200000,0x00000006e3300000] [id=9860]
  0x0000019c52270800 ConcurrentGCThread "G1 Refine#0" [stack: 0x00000006e1100000,0x00000006e1200000] [id=16696]
  0x0000019c5517c800 ConcurrentGCThread "G1 Refine#1" [stack: 0x00000006e5a00000,0x00000006e5b00000] [id=26888]
  0x0000019c58ad4800 ConcurrentGCThread "G1 Refine#2" [stack: 0x00000006e5c00000,0x00000006e5d00000] [id=12756]
  0x0000019c52271000 ConcurrentGCThread "G1 Young RemSet Sampling" [stack: 0x00000006e1200000,0x00000006e1300000] [id=21232]

Threads with active compile tasks:
C2 CompilerThread0  21724 15580       4       com.android.tools.r8.dex.j::i (798 bytes)
C2 CompilerThread1  21724 15270       4       com.android.tools.r8.code.w1::a (4137 bytes)

VM state:at safepoint (normal execution)

VM Mutex/Monitor currently owned by a thread:  ([mutex/lock_event])
[0x0000019c32e24970] Threads_lock - owner thread: 0x0000019c5241b000
[0x0000019c32e24b20] Heap_lock - owner thread: 0x0000019c56bc7800

Heap address: 0x0000000080000000, size: 2048 MB, Compressed Oops mode: 32-bit
Narrow klass base: 0x0000000000000000, Narrow klass shift: 3
Compressed class space size: 1073741824 Address: 0x0000000100000000

Heap:
 garbage-first heap   total 479232K, used 179200K [0x0000000080000000, 0x0000000100000000)
  region size 1024K, 5 young (5120K), 5 survivors (5120K)
 Metaspace       used 101304K, capacity 103870K, committed 103884K, reserved 1138688K
  class space    used 12870K, capacity 13771K, committed 13772K, reserved 1048576K
Heap Regions: E=young(eden), S=young(survivor), O=old, HS=humongous(starts), HC=humongous(continues), CS=collection set, F=free, A=archive, TAMS=top-at-mark-start (previous, next)
|   0|0x0000000080000000, 0x0000000080100000, 0x0000000080100000|100%| O|  |TAMS 0x0000000080100000, 0x0000000080100000| Untracked 
|   1|0x0000000080100000, 0x0000000080200000, 0x0000000080200000|100%| O|  |TAMS 0x0000000080200000, 0x0000000080200000| Untracked 
|   2|0x0000000080200000, 0x0000000080300000, 0x0000000080300000|100%| O|  |TAMS 0x0000000080300000, 0x0000000080300000| Untracked 
|   3|0x0000000080300000, 0x0000000080400000, 0x0000000080400000|100%|HS|  |TAMS 0x0000000080400000, 0x0000000080400000| Complete 
|   4|0x0000000080400000, 0x0000000080500000, 0x0000000080500000|100%|HC|  |TAMS 0x0000000080500000, 0x0000000080500000| Complete 
|   5|0x0000000080500000, 0x0000000080600000, 0x0000000080600000|100%|HC|  |TAMS 0x0000000080600000, 0x0000000080600000| Complete 
|   6|0x0000000080600000, 0x0000000080700000, 0x0000000080700000|100%| O|  |TAMS 0x0000000080700000, 0x0000000080700000| Untracked 
|   7|0x0000000080700000, 0x0000000080800000, 0x0000000080800000|100%| O|  |TAMS 0x0000000080800000, 0x0000000080800000| Untracked 
|   8|0x0000000080800000, 0x0000000080900000, 0x0000000080900000|100%| O|  |TAMS 0x0000000080900000, 0x0000000080900000| Untracked 
|   9|0x0000000080900000, 0x0000000080a00000, 0x0000000080a00000|100%| O|  |TAMS 0x0000000080a00000, 0x0000000080a00000| Untracked 
|  10|0x0000000080a00000, 0x0000000080b00000, 0x0000000080b00000|100%| O|  |TAMS 0x0000000080b00000, 0x0000000080b00000| Untracked 
|  11|0x0000000080b00000, 0x0000000080c00000, 0x0000000080c00000|100%| O|  |TAMS 0x0000000080c00000, 0x0000000080c00000| Untracked 
|  12|0x0000000080c00000, 0x0000000080d00000, 0x0000000080d00000|100%| O|  |TAMS 0x0000000080d00000, 0x0000000080d00000| Untracked 
|  13|0x0000000080d00000, 0x0000000080e00000, 0x0000000080e00000|100%| O|  |TAMS 0x0000000080e00000, 0x0000000080e00000| Untracked 
|  14|0x0000000080e00000, 0x0000000080f00000, 0x0000000080f00000|100%| O|  |TAMS 0x0000000080f00000, 0x0000000080f00000| Untracked 
|  15|0x0000000080f00000, 0x0000000081000000, 0x0000000081000000|100%| O|  |TAMS 0x0000000081000000, 0x0000000081000000| Untracked 
|  16|0x0000000081000000, 0x0000000081100000, 0x0000000081100000|100%|HS|  |TAMS 0x0000000081100000, 0x0000000081100000| Complete 
|  17|0x0000000081100000, 0x0000000081200000, 0x0000000081200000|100%| O|  |TAMS 0x0000000081200000, 0x0000000081200000| Untracked 
|  18|0x0000000081200000, 0x0000000081300000, 0x0000000081300000|100%| O|  |TAMS 0x0000000081300000, 0x0000000081300000| Untracked 
|  19|0x0000000081300000, 0x0000000081400000, 0x0000000081400000|100%| O|  |TAMS 0x0000000081400000, 0x0000000081400000| Untracked 
|  20|0x0000000081400000, 0x0000000081500000, 0x0000000081500000|100%| O|  |TAMS 0x0000000081500000, 0x0000000081500000| Untracked 
|  21|0x0000000081500000, 0x0000000081600000, 0x0000000081600000|100%| O|  |TAMS 0x0000000081600000, 0x0000000081600000| Untracked 
|  22|0x0000000081600000, 0x0000000081700000, 0x0000000081700000|100%| O|  |TAMS 0x0000000081700000, 0x0000000081700000| Untracked 
|  23|0x0000000081700000, 0x0000000081800000, 0x0000000081800000|100%| O|  |TAMS 0x0000000081800000, 0x0000000081800000| Untracked 
|  24|0x0000000081800000, 0x0000000081900000, 0x0000000081900000|100%| O|  |TAMS 0x0000000081900000, 0x0000000081900000| Untracked 
|  25|0x0000000081900000, 0x0000000081a00000, 0x0000000081a00000|100%| O|  |TAMS 0x0000000081a00000, 0x0000000081a00000| Untracked 
|  26|0x0000000081a00000, 0x0000000081b00000, 0x0000000081b00000|100%| O|  |TAMS 0x0000000081b00000, 0x0000000081b00000| Untracked 
|  27|0x0000000081b00000, 0x0000000081c00000, 0x0000000081c00000|100%|HS|  |TAMS 0x0000000081c00000, 0x0000000081c00000| Complete 
|  28|0x0000000081c00000, 0x0000000081d00000, 0x0000000081d00000|100%|HS|  |TAMS 0x0000000081d00000, 0x0000000081d00000| Complete 
|  29|0x0000000081d00000, 0x0000000081e00000, 0x0000000081e00000|100%|HC|  |TAMS 0x0000000081e00000, 0x0000000081e00000| Complete 
|  30|0x0000000081e00000, 0x0000000081f00000, 0x0000000081f00000|100%| O|  |TAMS 0x0000000081f00000, 0x0000000081f00000| Untracked 
|  31|0x0000000081f00000, 0x0000000082000000, 0x0000000082000000|100%| O|  |TAMS 0x0000000082000000, 0x0000000082000000| Untracked 
|  32|0x0000000082000000, 0x0000000082100000, 0x0000000082100000|100%| O|  |TAMS 0x0000000082100000, 0x0000000082100000| Untracked 
|  33|0x0000000082100000, 0x0000000082200000, 0x0000000082200000|100%| O|  |TAMS 0x0000000082200000, 0x0000000082200000| Untracked 
|  34|0x0000000082200000, 0x0000000082300000, 0x0000000082300000|100%| O|  |TAMS 0x0000000082300000, 0x0000000082300000| Untracked 
|  35|0x0000000082300000, 0x0000000082400000, 0x0000000082400000|100%| O|  |TAMS 0x0000000082400000, 0x0000000082400000| Untracked 
|  36|0x0000000082400000, 0x0000000082500000, 0x0000000082500000|100%| O|  |TAMS 0x0000000082500000, 0x0000000082500000| Untracked 
|  37|0x0000000082500000, 0x0000000082600000, 0x0000000082600000|100%| O|  |TAMS 0x0000000082600000, 0x0000000082600000| Untracked 
|  38|0x0000000082600000, 0x0000000082700000, 0x0000000082700000|100%| O|  |TAMS 0x0000000082700000, 0x0000000082700000| Untracked 
|  39|0x0000000082700000, 0x0000000082800000, 0x0000000082800000|100%| O|  |TAMS 0x0000000082800000, 0x0000000082800000| Untracked 
|  40|0x0000000082800000, 0x0000000082900000, 0x0000000082900000|100%| O|  |TAMS 0x0000000082900000, 0x0000000082900000| Untracked 
|  41|0x0000000082900000, 0x0000000082a00000, 0x0000000082a00000|100%| O|  |TAMS 0x0000000082a00000, 0x0000000082a00000| Untracked 
|  42|0x0000000082a00000, 0x0000000082b00000, 0x0000000082b00000|100%| O|  |TAMS 0x0000000082b00000, 0x0000000082b00000| Untracked 
|  43|0x0000000082b00000, 0x0000000082c00000, 0x0000000082c00000|100%| O|  |TAMS 0x0000000082c00000, 0x0000000082c00000| Untracked 
|  44|0x0000000082c00000, 0x0000000082d00000, 0x0000000082d00000|100%| O|  |TAMS 0x0000000082d00000, 0x0000000082d00000| Untracked 
|  45|0x0000000082d00000, 0x0000000082e00000, 0x0000000082e00000|100%| O|  |TAMS 0x0000000082e00000, 0x0000000082e00000| Untracked 
|  46|0x0000000082e00000, 0x0000000082f00000, 0x0000000082f00000|100%| O|  |TAMS 0x0000000082f00000, 0x0000000082f00000| Untracked 
|  47|0x0000000082f00000, 0x0000000083000000, 0x0000000083000000|100%| O|  |TAMS 0x0000000083000000, 0x0000000083000000| Untracked 
|  48|0x0000000083000000, 0x0000000083100000, 0x0000000083100000|100%| O|  |TAMS 0x0000000083100000, 0x0000000083100000| Untracked 
|  49|0x0000000083100000, 0x0000000083200000, 0x0000000083200000|100%| O|  |TAMS 0x0000000083200000, 0x0000000083200000| Untracked 
|  50|0x0000000083200000, 0x0000000083300000, 0x0000000083300000|100%| O|  |TAMS 0x0000000083300000, 0x0000000083300000| Untracked 
|  51|0x0000000083300000, 0x0000000083400000, 0x0000000083400000|100%| O|  |TAMS 0x0000000083400000, 0x0000000083400000| Untracked 
|  52|0x0000000083400000, 0x0000000083500000, 0x0000000083500000|100%| O|  |TAMS 0x0000000083500000, 0x0000000083500000| Untracked 
|  53|0x0000000083500000, 0x0000000083600000, 0x0000000083600000|100%| O|  |TAMS 0x0000000083600000, 0x0000000083600000| Untracked 
|  54|0x0000000083600000, 0x0000000083700000, 0x0000000083700000|100%| O|  |TAMS 0x0000000083700000, 0x0000000083700000| Untracked 
|  55|0x0000000083700000, 0x0000000083800000, 0x0000000083800000|100%| O|  |TAMS 0x0000000083800000, 0x0000000083800000| Untracked 
|  56|0x0000000083800000, 0x0000000083900000, 0x0000000083900000|100%| O|  |TAMS 0x0000000083900000, 0x0000000083900000| Untracked 
|  57|0x0000000083900000, 0x0000000083a00000, 0x0000000083a00000|100%| O|  |TAMS 0x0000000083a00000, 0x0000000083a00000| Untracked 
|  58|0x0000000083a00000, 0x0000000083b00000, 0x0000000083b00000|100%| O|  |TAMS 0x0000000083b00000, 0x0000000083b00000| Untracked 
|  59|0x0000000083b00000, 0x0000000083c00000, 0x0000000083c00000|100%| O|  |TAMS 0x0000000083c00000, 0x0000000083c00000| Untracked 
|  60|0x0000000083c00000, 0x0000000083d00000, 0x0000000083d00000|100%| O|  |TAMS 0x0000000083d00000, 0x0000000083d00000| Untracked 
|  61|0x0000000083d00000, 0x0000000083e00000, 0x0000000083e00000|100%| O|  |TAMS 0x0000000083e00000, 0x0000000083e00000| Untracked 
|  62|0x0000000083e00000, 0x0000000083f00000, 0x0000000083f00000|100%| O|  |TAMS 0x0000000083f00000, 0x0000000083f00000| Untracked 
|  63|0x0000000083f00000, 0x0000000084000000, 0x0000000084000000|100%| O|  |TAMS 0x0000000084000000, 0x0000000084000000| Untracked 
|  64|0x0000000084000000, 0x0000000084100000, 0x0000000084100000|100%| O|  |TAMS 0x0000000084100000, 0x0000000084100000| Untracked 
|  65|0x0000000084100000, 0x0000000084200000, 0x0000000084200000|100%| O|  |TAMS 0x0000000084200000, 0x0000000084200000| Untracked 
|  66|0x0000000084200000, 0x0000000084300000, 0x0000000084300000|100%| O|  |TAMS 0x0000000084300000, 0x0000000084300000| Untracked 
|  67|0x0000000084300000, 0x0000000084400000, 0x0000000084400000|100%| O|  |TAMS 0x0000000084400000, 0x0000000084400000| Untracked 
|  68|0x0000000084400000, 0x0000000084500000, 0x0000000084500000|100%| O|  |TAMS 0x0000000084500000, 0x0000000084500000| Untracked 
|  69|0x0000000084500000, 0x0000000084600000, 0x0000000084600000|100%| O|  |TAMS 0x0000000084600000, 0x0000000084600000| Untracked 
|  70|0x0000000084600000, 0x0000000084700000, 0x0000000084700000|100%| O|  |TAMS 0x0000000084700000, 0x0000000084700000| Untracked 
|  71|0x0000000084700000, 0x0000000084800000, 0x0000000084800000|100%| O|  |TAMS 0x0000000084800000, 0x0000000084800000| Untracked 
|  72|0x0000000084800000, 0x0000000084900000, 0x0000000084900000|100%| O|  |TAMS 0x0000000084900000, 0x0000000084900000| Untracked 
|  73|0x0000000084900000, 0x0000000084a00000, 0x0000000084a00000|100%| O|  |TAMS 0x0000000084a00000, 0x0000000084a00000| Untracked 
|  74|0x0000000084a00000, 0x0000000084b00000, 0x0000000084b00000|100%| O|  |TAMS 0x0000000084b00000, 0x0000000084b00000| Untracked 
|  75|0x0000000084b00000, 0x0000000084c00000, 0x0000000084c00000|100%| O|  |TAMS 0x0000000084c00000, 0x0000000084c00000| Untracked 
|  76|0x0000000084c00000, 0x0000000084d00000, 0x0000000084d00000|100%| O|  |TAMS 0x0000000084d00000, 0x0000000084d00000| Untracked 
|  77|0x0000000084d00000, 0x0000000084e00000, 0x0000000084e00000|100%| O|  |TAMS 0x0000000084e00000, 0x0000000084e00000| Untracked 
|  78|0x0000000084e00000, 0x0000000084f00000, 0x0000000084f00000|100%| O|  |TAMS 0x0000000084f00000, 0x0000000084f00000| Untracked 
|  79|0x0000000084f00000, 0x0000000085000000, 0x0000000085000000|100%| O|  |TAMS 0x0000000085000000, 0x0000000085000000| Untracked 
|  80|0x0000000085000000, 0x0000000085100000, 0x0000000085100000|100%| O|  |TAMS 0x0000000085100000, 0x0000000085100000| Untracked 
|  81|0x0000000085100000, 0x0000000085200000, 0x0000000085200000|100%| O|  |TAMS 0x0000000085200000, 0x0000000085200000| Untracked 
|  82|0x0000000085200000, 0x0000000085300000, 0x0000000085300000|100%| O|  |TAMS 0x0000000085300000, 0x0000000085300000| Untracked 
|  83|0x0000000085300000, 0x0000000085400000, 0x0000000085400000|100%| O|  |TAMS 0x0000000085400000, 0x0000000085400000| Untracked 
|  84|0x0000000085400000, 0x0000000085500000, 0x0000000085500000|100%| O|  |TAMS 0x0000000085500000, 0x0000000085500000| Untracked 
|  85|0x0000000085500000, 0x0000000085600000, 0x0000000085600000|100%| O|  |TAMS 0x0000000085558000, 0x0000000085600000| Untracked 
|  86|0x0000000085600000, 0x0000000085700000, 0x0000000085700000|100%| O|  |TAMS 0x0000000085600000, 0x0000000085700000| Untracked 
|  87|0x0000000085700000, 0x0000000085800000, 0x0000000085800000|100%| O|  |TAMS 0x0000000085700000, 0x0000000085800000| Untracked 
|  88|0x0000000085800000, 0x0000000085900000, 0x0000000085900000|100%| O|  |TAMS 0x0000000085800000, 0x0000000085900000| Untracked 
|  89|0x0000000085900000, 0x0000000085a00000, 0x0000000085a00000|100%| O|  |TAMS 0x0000000085900000, 0x0000000085a00000| Untracked 
|  90|0x0000000085a00000, 0x0000000085b00000, 0x0000000085b00000|100%| O|  |TAMS 0x0000000085a00000, 0x0000000085b00000| Untracked 
|  91|0x0000000085b00000, 0x0000000085c00000, 0x0000000085c00000|100%| O|  |TAMS 0x0000000085b00000, 0x0000000085c00000| Untracked 
|  92|0x0000000085c00000, 0x0000000085d00000, 0x0000000085d00000|100%|HS|  |TAMS 0x0000000085c00000, 0x0000000085d00000| Complete 
|  93|0x0000000085d00000, 0x0000000085e00000, 0x0000000085e00000|100%| O|  |TAMS 0x0000000085d00000, 0x0000000085e00000| Untracked 
|  94|0x0000000085e00000, 0x0000000085f00000, 0x0000000085f00000|100%|HS|  |TAMS 0x0000000085e00000, 0x0000000085f00000| Complete 
|  95|0x0000000085f00000, 0x0000000086000000, 0x0000000086000000|100%|HC|  |TAMS 0x0000000085f00000, 0x0000000086000000| Complete 
|  96|0x0000000086000000, 0x0000000086100000, 0x0000000086100000|100%|HS|  |TAMS 0x0000000086000000, 0x0000000086100000| Complete 
|  97|0x0000000086100000, 0x0000000086200000, 0x0000000086200000|100%|HS|  |TAMS 0x0000000086100000, 0x0000000086200000| Complete 
|  98|0x0000000086200000, 0x0000000086300000, 0x0000000086300000|100%| O|  |TAMS 0x0000000086200000, 0x0000000086300000| Untracked 
|  99|0x0000000086300000, 0x0000000086400000, 0x0000000086400000|100%| O|  |TAMS 0x0000000086300000, 0x0000000086400000| Untracked 
| 100|0x0000000086400000, 0x0000000086500000, 0x0000000086500000|100%| O|  |TAMS 0x0000000086400000, 0x0000000086500000| Untracked 
| 101|0x0000000086500000, 0x0000000086600000, 0x0000000086600000|100%| O|  |TAMS 0x0000000086600000, 0x0000000086600000| Untracked 
| 102|0x0000000086600000, 0x0000000086700000, 0x0000000086700000|100%|HS|  |TAMS 0x0000000086600000, 0x0000000086700000| Complete 
| 103|0x0000000086700000, 0x0000000086800000, 0x0000000086800000|100%|HC|  |TAMS 0x0000000086700000, 0x0000000086800000| Complete 
| 104|0x0000000086800000, 0x0000000086900000, 0x0000000086900000|100%|HS|  |TAMS 0x0000000086800000, 0x0000000086900000| Complete 
| 105|0x0000000086900000, 0x0000000086a00000, 0x0000000086a00000|100%| O|  |TAMS 0x0000000086900000, 0x0000000086a00000| Untracked 
| 106|0x0000000086a00000, 0x0000000086b00000, 0x0000000086b00000|100%|HS|  |TAMS 0x0000000086a00000, 0x0000000086b00000| Complete 
| 107|0x0000000086b00000, 0x0000000086c00000, 0x0000000086c00000|100%| O|  |TAMS 0x0000000086b00000, 0x0000000086c00000| Untracked 
| 108|0x0000000086c00000, 0x0000000086d00000, 0x0000000086d00000|100%|HS|  |TAMS 0x0000000086c00000, 0x0000000086d00000| Complete 
| 109|0x0000000086d00000, 0x0000000086e00000, 0x0000000086e00000|100%|HS|  |TAMS 0x0000000086d00000, 0x0000000086e00000| Complete 
| 110|0x0000000086e00000, 0x0000000086f00000, 0x0000000086f00000|100%|HS|  |TAMS 0x0000000086e00000, 0x0000000086f00000| Complete 
| 111|0x0000000086f00000, 0x0000000087000000, 0x0000000087000000|100%| O|  |TAMS 0x0000000086f00000, 0x0000000087000000| Untracked 
| 112|0x0000000087000000, 0x0000000087100000, 0x0000000087100000|100%| O|  |TAMS 0x0000000087000000, 0x0000000087100000| Untracked 
| 113|0x0000000087100000, 0x0000000087200000, 0x0000000087200000|100%| O|  |TAMS 0x0000000087100000, 0x0000000087200000| Untracked 
| 114|0x0000000087200000, 0x0000000087300000, 0x0000000087300000|100%| O|  |TAMS 0x0000000087200000, 0x0000000087300000| Untracked 
| 115|0x0000000087300000, 0x0000000087400000, 0x0000000087400000|100%| O|  |TAMS 0x0000000087300000, 0x0000000087400000| Untracked 
| 116|0x0000000087400000, 0x0000000087500000, 0x0000000087500000|100%| O|  |TAMS 0x0000000087500000, 0x0000000087500000| Untracked 
| 117|0x0000000087500000, 0x0000000087600000, 0x0000000087600000|100%| O|  |TAMS 0x0000000087500000, 0x0000000087600000| Untracked 
| 118|0x0000000087600000, 0x0000000087700000, 0x0000000087700000|100%| O|  |TAMS 0x0000000087600000, 0x0000000087700000| Untracked 
| 119|0x0000000087700000, 0x0000000087800000, 0x0000000087800000|100%| O|  |TAMS 0x0000000087700000, 0x0000000087800000| Untracked 
| 120|0x0000000087800000, 0x0000000087900000, 0x0000000087900000|100%| O|  |TAMS 0x0000000087800000, 0x0000000087900000| Untracked 
| 121|0x0000000087900000, 0x0000000087a00000, 0x0000000087a00000|100%| O|  |TAMS 0x0000000087900000, 0x0000000087a00000| Untracked 
| 122|0x0000000087a00000, 0x0000000087b00000, 0x0000000087b00000|100%| O|  |TAMS 0x0000000087a00000, 0x0000000087b00000| Untracked 
| 123|0x0000000087b00000, 0x0000000087c00000, 0x0000000087c00000|100%| O|  |TAMS 0x0000000087b00000, 0x0000000087c00000| Untracked 
| 124|0x0000000087c00000, 0x0000000087d00000, 0x0000000087d00000|100%| O|  |TAMS 0x0000000087c00000, 0x0000000087d00000| Untracked 
| 125|0x0000000087d00000, 0x0000000087e00000, 0x0000000087e00000|100%| O|  |TAMS 0x0000000087d00000, 0x0000000087e00000| Untracked 
| 126|0x0000000087e00000, 0x0000000087f00000, 0x0000000087f00000|100%| O|  |TAMS 0x0000000087e00000, 0x0000000087f00000| Untracked 
| 127|0x0000000087f00000, 0x0000000088000000, 0x0000000088000000|100%| O|  |TAMS 0x0000000087f00000, 0x0000000088000000| Untracked 
| 128|0x0000000088000000, 0x0000000088100000, 0x0000000088100000|100%| O|  |TAMS 0x0000000088000000, 0x0000000088100000| Untracked 
| 129|0x0000000088100000, 0x0000000088200000, 0x0000000088200000|100%| O|  |TAMS 0x0000000088100000, 0x0000000088200000| Untracked 
| 130|0x0000000088200000, 0x0000000088300000, 0x0000000088300000|100%| O|  |TAMS 0x0000000088200000, 0x0000000088200000| Untracked 
| 131|0x0000000088300000, 0x0000000088400000, 0x0000000088400000|100%| O|  |TAMS 0x0000000088300000, 0x0000000088300000| Untracked 
| 132|0x0000000088400000, 0x0000000088500000, 0x0000000088500000|100%| O|  |TAMS 0x0000000088400000, 0x0000000088400000| Untracked 
| 133|0x0000000088500000, 0x0000000088600000, 0x0000000088600000|100%| O|  |TAMS 0x0000000088500000, 0x0000000088500000| Untracked 
| 134|0x0000000088600000, 0x0000000088700000, 0x0000000088700000|100%| O|  |TAMS 0x0000000088600000, 0x0000000088600000| Untracked 
| 135|0x0000000088700000, 0x0000000088800000, 0x0000000088800000|100%| O|  |TAMS 0x0000000088700000, 0x0000000088700000| Untracked 
| 136|0x0000000088800000, 0x0000000088900000, 0x0000000088900000|100%| O|  |TAMS 0x0000000088800000, 0x0000000088800000| Untracked 
| 137|0x0000000088900000, 0x0000000088a00000, 0x0000000088a00000|100%| O|  |TAMS 0x0000000088900000, 0x0000000088900000| Untracked 
| 138|0x0000000088a00000, 0x0000000088b00000, 0x0000000088b00000|100%| O|  |TAMS 0x0000000088a00000, 0x0000000088b00000| Untracked 
| 139|0x0000000088b00000, 0x0000000088c00000, 0x0000000088c00000|100%| O|  |TAMS 0x0000000088b00000, 0x0000000088c00000| Untracked 
| 140|0x0000000088c00000, 0x0000000088d00000, 0x0000000088d00000|100%| O|  |TAMS 0x0000000088c00000, 0x0000000088d00000| Untracked 
| 141|0x0000000088d00000, 0x0000000088e00000, 0x0000000088e00000|100%| O|  |TAMS 0x0000000088d00000, 0x0000000088e00000| Untracked 
| 142|0x0000000088e00000, 0x0000000088f00000, 0x0000000088f00000|100%| O|  |TAMS 0x0000000088e00000, 0x0000000088f00000| Untracked 
| 143|0x0000000088f00000, 0x0000000089000000, 0x0000000089000000|100%| O|  |TAMS 0x0000000088f00000, 0x0000000088f00000| Untracked 
| 144|0x0000000089000000, 0x0000000089100000, 0x0000000089100000|100%| O|  |TAMS 0x0000000089000000, 0x0000000089000000| Untracked 
| 145|0x0000000089100000, 0x0000000089200000, 0x0000000089200000|100%| O|  |TAMS 0x0000000089100000, 0x0000000089100000| Untracked 
| 146|0x0000000089200000, 0x0000000089300000, 0x0000000089300000|100%| O|  |TAMS 0x0000000089200000, 0x0000000089200000| Untracked 
| 147|0x0000000089300000, 0x0000000089400000, 0x0000000089400000|100%| O|  |TAMS 0x0000000089300000, 0x0000000089400000| Untracked 
| 148|0x0000000089400000, 0x0000000089500000, 0x0000000089500000|100%| O|  |TAMS 0x0000000089400000, 0x0000000089500000| Untracked 
| 149|0x0000000089500000, 0x0000000089600000, 0x0000000089600000|100%| O|  |TAMS 0x0000000089500000, 0x0000000089600000| Untracked 
| 150|0x0000000089600000, 0x0000000089700000, 0x0000000089700000|100%| O|  |TAMS 0x0000000089600000, 0x0000000089700000| Untracked 
| 151|0x0000000089700000, 0x0000000089800000, 0x0000000089800000|100%| O|  |TAMS 0x0000000089700000, 0x0000000089800000| Untracked 
| 152|0x0000000089800000, 0x0000000089900000, 0x0000000089900000|100%| O|  |TAMS 0x0000000089800000, 0x0000000089900000| Untracked 
| 153|0x0000000089900000, 0x0000000089a00000, 0x0000000089a00000|100%| O|  |TAMS 0x0000000089900000, 0x0000000089a00000| Untracked 
| 154|0x0000000089a00000, 0x0000000089b00000, 0x0000000089b00000|100%| O|  |TAMS 0x0000000089a00000, 0x0000000089b00000| Untracked 
| 155|0x0000000089b00000, 0x0000000089c00000, 0x0000000089c00000|100%| O|  |TAMS 0x0000000089b00000, 0x0000000089c00000| Untracked 
| 156|0x0000000089c00000, 0x0000000089d00000, 0x0000000089d00000|100%| O|  |TAMS 0x0000000089c00000, 0x0000000089d00000| Untracked 
| 157|0x0000000089d00000, 0x0000000089e00000, 0x0000000089e00000|100%| O|  |TAMS 0x0000000089d00000, 0x0000000089e00000| Untracked 
| 158|0x0000000089e00000, 0x0000000089f00000, 0x0000000089f00000|100%| O|  |TAMS 0x0000000089e00000, 0x0000000089f00000| Untracked 
| 159|0x0000000089f00000, 0x000000008a000000, 0x000000008a000000|100%| O|  |TAMS 0x0000000089f00000, 0x000000008a000000| Untracked 
| 160|0x000000008a000000, 0x000000008a100000, 0x000000008a100000|100%| O|  |TAMS 0x000000008a000000, 0x000000008a100000| Untracked 
| 161|0x000000008a100000, 0x000000008a200000, 0x000000008a200000|100%| O|  |TAMS 0x000000008a100000, 0x000000008a200000| Untracked 
| 162|0x000000008a200000, 0x000000008a300000, 0x000000008a300000|100%| O|  |TAMS 0x000000008a200000, 0x000000008a26a000| Untracked 
| 163|0x000000008a300000, 0x000000008a400000, 0x000000008a400000|100%| O|  |TAMS 0x000000008a300000, 0x000000008a300000| Untracked 
| 164|0x000000008a400000, 0x000000008a500000, 0x000000008a500000|100%| O|  |TAMS 0x000000008a400000, 0x000000008a400000| Untracked 
| 165|0x000000008a500000, 0x000000008a600000, 0x000000008a600000|100%| O|  |TAMS 0x000000008a500000, 0x000000008a500000| Untracked 
| 166|0x000000008a600000, 0x000000008a700000, 0x000000008a700000|100%| O|  |TAMS 0x000000008a600000, 0x000000008a600000| Untracked 
| 167|0x000000008a700000, 0x000000008a800000, 0x000000008a800000|100%| O|  |TAMS 0x000000008a700000, 0x000000008a700000| Untracked 
| 168|0x000000008a800000, 0x000000008a900000, 0x000000008a900000|100%| O|  |TAMS 0x000000008a800000, 0x000000008a800000| Untracked 
| 169|0x000000008a900000, 0x000000008a900000, 0x000000008aa00000|  0%| F|  |TAMS 0x000000008a900000, 0x000000008a900000| Untracked 
| 170|0x000000008aa00000, 0x000000008aa00000, 0x000000008ab00000|  0%| F|  |TAMS 0x000000008aa00000, 0x000000008aa00000| Untracked 
| 171|0x000000008ab00000, 0x000000008ab00000, 0x000000008ac00000|  0%| F|  |TAMS 0x000000008ab00000, 0x000000008ab00000| Untracked 
| 172|0x000000008ac00000, 0x000000008ac00000, 0x000000008ad00000|  0%| F|  |TAMS 0x000000008ac00000, 0x000000008ac00000| Untracked 
| 173|0x000000008ad00000, 0x000000008ad00000, 0x000000008ae00000|  0%| F|  |TAMS 0x000000008ad00000, 0x000000008ad00000| Untracked 
| 174|0x000000008ae00000, 0x000000008ae00000, 0x000000008af00000|  0%| F|  |TAMS 0x000000008ae00000, 0x000000008ae00000| Untracked 
| 175|0x000000008af00000, 0x000000008af00000, 0x000000008b000000|  0%| F|  |TAMS 0x000000008af00000, 0x000000008af00000| Untracked 
| 176|0x000000008b000000, 0x000000008b000000, 0x000000008b100000|  0%| F|  |TAMS 0x000000008b000000, 0x000000008b000000| Untracked 
| 177|0x000000008b100000, 0x000000008b100000, 0x000000008b200000|  0%| F|  |TAMS 0x000000008b100000, 0x000000008b100000| Untracked 
| 178|0x000000008b200000, 0x000000008b200000, 0x000000008b300000|  0%| F|  |TAMS 0x000000008b200000, 0x000000008b200000| Untracked 
| 179|0x000000008b300000, 0x000000008b300000, 0x000000008b400000|  0%| F|  |TAMS 0x000000008b300000, 0x000000008b300000| Untracked 
| 180|0x000000008b400000, 0x000000008b400000, 0x000000008b500000|  0%| F|  |TAMS 0x000000008b400000, 0x000000008b400000| Untracked 
| 181|0x000000008b500000, 0x000000008b500000, 0x000000008b600000|  0%| F|  |TAMS 0x000000008b500000, 0x000000008b500000| Untracked 
| 182|0x000000008b600000, 0x000000008b600000, 0x000000008b700000|  0%| F|  |TAMS 0x000000008b600000, 0x000000008b600000| Untracked 
| 183|0x000000008b700000, 0x000000008b700000, 0x000000008b800000|  0%| F|  |TAMS 0x000000008b700000, 0x000000008b700000| Untracked 
| 184|0x000000008b800000, 0x000000008b800000, 0x000000008b900000|  0%| F|  |TAMS 0x000000008b800000, 0x000000008b800000| Untracked 
| 185|0x000000008b900000, 0x000000008b900000, 0x000000008ba00000|  0%| F|  |TAMS 0x000000008b900000, 0x000000008b900000| Untracked 
| 186|0x000000008ba00000, 0x000000008ba00000, 0x000000008bb00000|  0%| F|  |TAMS 0x000000008ba00000, 0x000000008ba00000| Untracked 
| 187|0x000000008bb00000, 0x000000008bb00000, 0x000000008bc00000|  0%| F|  |TAMS 0x000000008bb00000, 0x000000008bb00000| Untracked 
| 188|0x000000008bc00000, 0x000000008bc00000, 0x000000008bd00000|  0%| F|  |TAMS 0x000000008bc00000, 0x000000008bc00000| Untracked 
| 189|0x000000008bd00000, 0x000000008bd00000, 0x000000008be00000|  0%| F|  |TAMS 0x000000008bd00000, 0x000000008bd00000| Untracked 
| 190|0x000000008be00000, 0x000000008be00000, 0x000000008bf00000|  0%| F|  |TAMS 0x000000008be00000, 0x000000008be00000| Untracked 
| 191|0x000000008bf00000, 0x000000008bf00000, 0x000000008c000000|  0%| F|  |TAMS 0x000000008bf00000, 0x000000008bf00000| Untracked 
| 192|0x000000008c000000, 0x000000008c000000, 0x000000008c100000|  0%| F|  |TAMS 0x000000008c000000, 0x000000008c000000| Untracked 
| 193|0x000000008c100000, 0x000000008c100000, 0x000000008c200000|  0%| F|  |TAMS 0x000000008c100000, 0x000000008c100000| Untracked 
| 194|0x000000008c200000, 0x000000008c200000, 0x000000008c300000|  0%| F|  |TAMS 0x000000008c200000, 0x000000008c200000| Untracked 
| 195|0x000000008c300000, 0x000000008c300000, 0x000000008c400000|  0%| F|  |TAMS 0x000000008c300000, 0x000000008c300000| Untracked 
| 196|0x000000008c400000, 0x000000008c400000, 0x000000008c500000|  0%| F|  |TAMS 0x000000008c400000, 0x000000008c400000| Untracked 
| 197|0x000000008c500000, 0x000000008c500000, 0x000000008c600000|  0%| F|  |TAMS 0x000000008c500000, 0x000000008c500000| Untracked 
| 198|0x000000008c600000, 0x000000008c600000, 0x000000008c700000|  0%| F|  |TAMS 0x000000008c600000, 0x000000008c600000| Untracked 
| 199|0x000000008c700000, 0x000000008c700000, 0x000000008c800000|  0%| F|  |TAMS 0x000000008c700000, 0x000000008c700000| Untracked 
| 200|0x000000008c800000, 0x000000008c900000, 0x000000008c900000|100%| S|CS|TAMS 0x000000008c800000, 0x000000008c800000| Complete 
| 201|0x000000008c900000, 0x000000008ca00000, 0x000000008ca00000|100%| S|CS|TAMS 0x000000008c900000, 0x000000008c900000| Complete 
| 202|0x000000008ca00000, 0x000000008cb00000, 0x000000008cb00000|100%| S|CS|TAMS 0x000000008ca00000, 0x000000008ca00000| Complete 
| 203|0x000000008cb00000, 0x000000008cc00000, 0x000000008cc00000|100%| S|CS|TAMS 0x000000008cb00000, 0x000000008cb00000| Complete 
| 204|0x000000008cc00000, 0x000000008cd00000, 0x000000008cd00000|100%| S|CS|TAMS 0x000000008cc00000, 0x000000008cc00000| Complete 
| 205|0x000000008cd00000, 0x000000008cd00000, 0x000000008ce00000|  0%| F|  |TAMS 0x000000008cd00000, 0x000000008cd00000| Untracked 
| 206|0x000000008ce00000, 0x000000008ce00000, 0x000000008cf00000|  0%| F|  |TAMS 0x000000008ce00000, 0x000000008ce00000| Untracked 
| 207|0x000000008cf00000, 0x000000008cf00000, 0x000000008d000000|  0%| F|  |TAMS 0x000000008cf00000, 0x000000008cf00000| Untracked 
| 208|0x000000008d000000, 0x000000008d000000, 0x000000008d100000|  0%| F|  |TAMS 0x000000008d000000, 0x000000008d000000| Untracked 
| 209|0x000000008d100000, 0x000000008d100000, 0x000000008d200000|  0%| F|  |TAMS 0x000000008d100000, 0x000000008d100000| Untracked 
| 210|0x000000008d200000, 0x000000008d200000, 0x000000008d300000|  0%| F|  |TAMS 0x000000008d200000, 0x000000008d200000| Untracked 
| 211|0x000000008d300000, 0x000000008d300000, 0x000000008d400000|  0%| F|  |TAMS 0x000000008d300000, 0x000000008d300000| Untracked 
| 212|0x000000008d400000, 0x000000008d400000, 0x000000008d500000|  0%| F|  |TAMS 0x000000008d400000, 0x000000008d400000| Untracked 
| 213|0x000000008d500000, 0x000000008d500000, 0x000000008d600000|  0%| F|  |TAMS 0x000000008d500000, 0x000000008d500000| Untracked 
| 214|0x000000008d600000, 0x000000008d600000, 0x000000008d700000|  0%| F|  |TAMS 0x000000008d600000, 0x000000008d600000| Untracked 
| 215|0x000000008d700000, 0x000000008d700000, 0x000000008d800000|  0%| F|  |TAMS 0x000000008d700000, 0x000000008d700000| Untracked 
| 216|0x000000008d800000, 0x000000008d800000, 0x000000008d900000|  0%| F|  |TAMS 0x000000008d800000, 0x000000008d800000| Untracked 
| 217|0x000000008d900000, 0x000000008d900000, 0x000000008da00000|  0%| F|  |TAMS 0x000000008d900000, 0x000000008d900000| Untracked 
| 218|0x000000008da00000, 0x000000008da00000, 0x000000008db00000|  0%| F|  |TAMS 0x000000008da00000, 0x000000008da00000| Untracked 
| 219|0x000000008db00000, 0x000000008db00000, 0x000000008dc00000|  0%| F|  |TAMS 0x000000008db00000, 0x000000008db00000| Untracked 
| 220|0x000000008dc00000, 0x000000008dc00000, 0x000000008dd00000|  0%| F|  |TAMS 0x000000008dc00000, 0x000000008dc00000| Untracked 
| 221|0x000000008dd00000, 0x000000008dd00000, 0x000000008de00000|  0%| F|  |TAMS 0x000000008dd00000, 0x000000008dd00000| Untracked 
| 222|0x000000008de00000, 0x000000008de00000, 0x000000008df00000|  0%| F|  |TAMS 0x000000008de00000, 0x000000008de00000| Untracked 
| 223|0x000000008df00000, 0x000000008df00000, 0x000000008e000000|  0%| F|  |TAMS 0x000000008df00000, 0x000000008df00000| Untracked 
| 224|0x000000008e000000, 0x000000008e000000, 0x000000008e100000|  0%| F|  |TAMS 0x000000008e000000, 0x000000008e000000| Untracked 
| 225|0x000000008e100000, 0x000000008e100000, 0x000000008e200000|  0%| F|  |TAMS 0x000000008e100000, 0x000000008e100000| Untracked 
| 226|0x000000008e200000, 0x000000008e200000, 0x000000008e300000|  0%| F|  |TAMS 0x000000008e200000, 0x000000008e200000| Untracked 
| 227|0x000000008e300000, 0x000000008e300000, 0x000000008e400000|  0%| F|  |TAMS 0x000000008e300000, 0x000000008e300000| Untracked 
| 228|0x000000008e400000, 0x000000008e400000, 0x000000008e500000|  0%| F|  |TAMS 0x000000008e400000, 0x000000008e400000| Untracked 
| 229|0x000000008e500000, 0x000000008e500000, 0x000000008e600000|  0%| F|  |TAMS 0x000000008e500000, 0x000000008e500000| Untracked 
| 230|0x000000008e600000, 0x000000008e600000, 0x000000008e700000|  0%| F|  |TAMS 0x000000008e600000, 0x000000008e600000| Untracked 
| 231|0x000000008e700000, 0x000000008e700000, 0x000000008e800000|  0%| F|  |TAMS 0x000000008e700000, 0x000000008e700000| Untracked 
| 232|0x000000008e800000, 0x000000008e800000, 0x000000008e900000|  0%| F|  |TAMS 0x000000008e800000, 0x000000008e800000| Untracked 
| 233|0x000000008e900000, 0x000000008ea00000, 0x000000008ea00000|100%| O|  |TAMS 0x000000008e900000, 0x000000008ea00000| Untracked 

Card table byte_map: [0x0000019c4b150000,0x0000019c4b550000] _byte_map_base: 0x0000019c4ad50000

Marking Bits (Prev, Next): (CMBitMap*) 0x0000019c32e6a690, (CMBitMap*) 0x0000019c32e6a658
 Prev Bits: [0x0000019c4d950000, 0x0000019c4f950000)
 Next Bits: [0x0000019c4b950000, 0x0000019c4d950000)

Polling page: 0x0000019c315d0000

Metaspace:

Usage:
  Non-class:     87.99 MB capacity,    86.36 MB ( 98%) used,     1.34 MB (  2%) free+waste,   288.25 KB ( <1%) overhead. 
      Class:     13.45 MB capacity,    12.57 MB ( 93%) used,   771.09 KB (  6%) free+waste,   129.44 KB ( <1%) overhead. 
       Both:    101.44 MB capacity,    98.93 MB ( 98%) used,     2.10 MB (  2%) free+waste,   417.69 KB ( <1%) overhead. 

Virtual space:
  Non-class space:       88.00 MB reserved,      88.00 MB (100%) committed 
      Class space:        1.00 GB reserved,      13.45 MB (  1%) committed 
             Both:        1.09 GB reserved,     101.45 MB (  9%) committed 

Chunk freelists:
   Non-Class:  1.63 KB
       Class:  0 bytes
        Both:  1.63 KB

CodeHeap 'non-profiled nmethods': size=120000Kb used=8087Kb max_used=8116Kb free=111912Kb
 bounds [0x0000019c42dc0000, 0x0000019c435c0000, 0x0000019c4a2f0000]
CodeHeap 'profiled nmethods': size=120000Kb used=30431Kb max_used=30431Kb free=89568Kb
 bounds [0x0000019c3b890000, 0x0000019c3d660000, 0x0000019c42dc0000]
CodeHeap 'non-nmethods': size=5760Kb used=2317Kb max_used=2400Kb free=3442Kb
 bounds [0x0000019c3b2f0000, 0x0000019c3b560000, 0x0000019c3b890000]
 total_blobs=15265 nmethods=14338 adapters=838
 compilation: enabled
              stopped_count=0, restarted_count=0
 full_count=0

Compilation events (10 events):
Event: 21.641 Thread 0x0000019c52444000 15582   !   2       com.android.tools.r8.graph.c0::g (24 bytes)
Event: 21.642 Thread 0x0000019c52444000 nmethod 15582 0x0000019c3c43f790 code [0x0000019c3c43f960, 0x0000019c3c43fc98]
Event: 21.642 Thread 0x0000019c52444000 15583       2       com.android.tools.r8.dex.j::a (71 bytes)
Event: 21.642 Thread 0x0000019c52444000 nmethod 15583 0x0000019c3d650e90 code [0x0000019c3d651140, 0x0000019c3d651a58]
Event: 21.643 Thread 0x0000019c52444000 15584       2       com.android.tools.r8.code.z2::<init> (7 bytes)
Event: 21.644 Thread 0x0000019c52444000 nmethod 15584 0x0000019c3cae5b10 code [0x0000019c3cae5ce0, 0x0000019c3cae5f18]
Event: 21.651 Thread 0x0000019c52444000 15588       2       com.android.tools.r8.code.k0::<init> (7 bytes)
Event: 21.651 Thread 0x0000019c52444000 nmethod 15588 0x0000019c3c410090 code [0x0000019c3c410220, 0x0000019c3c410378]
Event: 21.652 Thread 0x0000019c52444000 15589       2       com.android.tools.r8.code.s2::<init> (7 bytes)
Event: 21.653 Thread 0x0000019c52444000 nmethod 15589 0x0000019c3c411010 code [0x0000019c3c4111a0, 0x0000019c3c4112f8]

GC Heap History (10 events):
Event: 19.257 GC heap after
{Heap after GC invocations=47 (full 0):
 garbage-first heap   total 238592K, used 98060K [0x0000000080000000, 0x0000000100000000)
  region size 1024K, 1 young (1024K), 1 survivors (1024K)
 Metaspace       used 93960K, capacity 96303K, committed 96716K, reserved 1132544K
  class space    used 11735K, capacity 12576K, committed 12748K, reserved 1048576K
}
Event: 19.946 GC heap before
{Heap before GC invocations=47 (full 0):
 garbage-first heap   total 238592K, used 182028K [0x0000000080000000, 0x0000000100000000)
  region size 1024K, 84 young (86016K), 1 survivors (1024K)
 Metaspace       used 94436K, capacity 96795K, committed 96972K, reserved 1134592K
  class space    used 11794K, capacity 12630K, committed 12748K, reserved 1048576K
}
Event: 19.956 GC heap after
{Heap after GC invocations=48 (full 0):
 garbage-first heap   total 238592K, used 102641K [0x0000000080000000, 0x0000000100000000)
  region size 1024K, 6 young (6144K), 6 survivors (6144K)
 Metaspace       used 94436K, capacity 96795K, committed 96972K, reserved 1134592K
  class space    used 11794K, capacity 12630K, committed 12748K, reserved 1048576K
}
Event: 20.496 GC heap before
{Heap before GC invocations=48 (full 0):
 garbage-first heap   total 238592K, used 187633K [0x0000000080000000, 0x0000000100000000)
  region size 1024K, 88 young (90112K), 6 survivors (6144K)
 Metaspace       used 95438K, capacity 97918K, committed 97996K, reserved 1134592K
  class space    used 11895K, capacity 12748K, committed 12748K, reserved 1048576K
}
Event: 20.501 GC heap after
{Heap after GC invocations=49 (full 0):
 garbage-first heap   total 238592K, used 103406K [0x0000000080000000, 0x0000000100000000)
  region size 1024K, 7 young (7168K), 7 survivors (7168K)
 Metaspace       used 95438K, capacity 97918K, committed 97996K, reserved 1134592K
  class space    used 11895K, capacity 12748K, committed 12748K, reserved 1048576K
}
Event: 21.122 GC heap before
{Heap before GC invocations=49 (full 0):
 garbage-first heap   total 238592K, used 205806K [0x0000000080000000, 0x0000000100000000)
  region size 1024K, 91 young (93184K), 7 survivors (7168K)
 Metaspace       used 98950K, capacity 101443K, committed 101708K, reserved 1138688K
  class space    used 12382K, capacity 13256K, committed 13388K, reserved 1048576K
}
Event: 21.144 GC heap after
{Heap after GC invocations=50 (full 0):
 garbage-first heap   total 239616K, used 141126K [0x0000000080000000, 0x0000000100000000)
  region size 1024K, 12 young (12288K), 12 survivors (12288K)
 Metaspace       used 98950K, capacity 101443K, committed 101708K, reserved 1138688K
  class space    used 12382K, capacity 13256K, committed 13388K, reserved 1048576K
}
Event: 21.442 GC heap before
{Heap before GC invocations=50 (full 0):
 garbage-first heap   total 239616K, used 188230K [0x0000000080000000, 0x0000000100000000)
  region size 1024K, 59 young (60416K), 12 survivors (12288K)
 Metaspace       used 101285K, capacity 103803K, committed 103884K, reserved 1138688K
  class space    used 12869K, capacity 13771K, committed 13772K, reserved 1048576K
}
Event: 21.475 GC heap after
{Heap after GC invocations=51 (full 0):
 garbage-first heap   total 239616K, used 163240K [0x0000000080000000, 0x0000000100000000)
  region size 1024K, 8 young (8192K), 8 survivors (8192K)
 Metaspace       used 101285K, capacity 103803K, committed 103884K, reserved 1138688K
  class space    used 12869K, capacity 13771K, committed 13772K, reserved 1048576K
}
Event: 21.658 GC heap before
{Heap before GC invocations=51 (full 0):
 garbage-first heap   total 239616K, used 191912K [0x0000000080000000, 0x0000000100000000)
  region size 1024K, 36 young (36864K), 8 survivors (8192K)
 Metaspace       used 101304K, capacity 103870K, committed 103884K, reserved 1138688K
  class space    used 12870K, capacity 13771K, committed 13772K, reserved 1048576K
}

Deoptimization events (10 events):
Event: 20.672 Thread 0x0000019c58d32000 Uncommon trap: reason=unstable_if action=reinterpret pc=0x0000019c4318b7b8 method=java.lang.Class.getTypeName()Ljava/lang/String; @ 23 c2
Event: 20.690 Thread 0x0000019c58d32000 Uncommon trap: reason=unstable_if action=reinterpret pc=0x0000019c43444058 method=java.lang.String.regionMatches(ILjava/lang/String;II)Z @ 47 c2
Event: 20.690 Thread 0x0000019c58d32000 Uncommon trap: reason=unstable_if action=reinterpret pc=0x0000019c434fcec0 method=java.lang.String.regionMatches(ILjava/lang/String;II)Z @ 47 c2
Event: 20.735 Thread 0x0000019c58d35000 Uncommon trap: reason=unstable_if action=reinterpret pc=0x0000019c42df3440 method=java.util.zip.ZipFile$Source.getEntryPos([BZ)I @ 105 c2
Event: 20.768 Thread 0x0000019c58d35000 Uncommon trap: reason=unstable_if action=reinterpret pc=0x0000019c4345ba18 method=java.util.concurrent.ConcurrentHashMap.putVal(Ljava/lang/Object;Ljava/lang/Object;Z)Ljava/lang/Object; @ 162 c2
Event: 20.768 Thread 0x0000019c58d35000 Uncommon trap: reason=unstable_if action=reinterpret pc=0x0000019c4323dcd0 method=com.google.common.collect.MapMakerInternalMap$Segment.getEntry(Ljava/lang/Object;I)Lcom/google/common/collect/MapMakerInternalMap$InternalEntry; @ 63 c2
Event: 20.853 Thread 0x0000019c58d35000 Uncommon trap: reason=unstable_if action=reinterpret pc=0x0000019c43482728 method=jdk.internal.loader.URLClassPath.findResource(Ljava/lang/String;Z)Ljava/net/URL; @ 24 c2
Event: 21.251 Thread 0x0000019c56bd0800 Uncommon trap: reason=unstable_if action=reinterpret pc=0x0000019c42eb0bb0 method=com.android.tools.r8.internal.Xe.d(I)Z @ 45 c2
Event: 21.251 Thread 0x0000019c56bd0800 Uncommon trap: reason=unstable_if action=reinterpret pc=0x0000019c42eaffa4 method=com.android.tools.r8.internal.Xe.d(I)Z @ 45 c2
Event: 21.271 Thread 0x0000019c56bc7800 Uncommon trap: reason=unstable_if action=reinterpret pc=0x0000019c42f2eaec method=com.android.tools.r8.graph.c0.a(Lcom/android/tools/r8/graph/c0;)I @ 49 c2

Classes redefined (0 events):
No events

Internal exceptions (10 events):
Event: 20.683 Thread 0x0000019c58d32000 Exception <a 'sun/nio/fs/WindowsException'{0x000000008d0e6578}> (0x000000008d0e6578) thrown at [./open/src/hotspot/share/prims/jni.cpp, line 611]
Event: 20.697 Thread 0x0000019c58d32000 Exception <a 'sun/nio/fs/WindowsException'{0x000000008cf5ab40}> (0x000000008cf5ab40) thrown at [./open/src/hotspot/share/prims/jni.cpp, line 611]
Event: 20.698 Thread 0x0000019c58d32000 Exception <a 'sun/nio/fs/WindowsException'{0x000000008cf5ba08}> (0x000000008cf5ba08) thrown at [./open/src/hotspot/share/prims/jni.cpp, line 611]
Event: 20.765 Thread 0x0000019c58d35000 Exception <a 'sun/nio/fs/WindowsException'{0x000000008ccb2fd0}> (0x000000008ccb2fd0) thrown at [./open/src/hotspot/share/prims/jni.cpp, line 611]
Event: 20.886 Thread 0x0000019c58d35000 Exception <a 'java/lang/NoSuchMethodError'{0x000000008c59b9c0}: java.lang.invoke.DirectMethodHandle$Holder.invokeStatic(Ljava/lang/Object;Ljava/lang/Object;Ljava/lang/Object;Ljava/lang/Object;Ljava/lang/Object;Ljava/lang/Object;Ljava/lang/Object;Ljava/lan
Event: 20.886 Thread 0x0000019c58d35000 Exception <a 'java/lang/NoSuchMethodError'{0x000000008c5a14b0}: java.lang.invoke.DirectMethodHandle$Holder.invokeStaticInit(Ljava/lang/Object;Ljava/lang/Object;Ljava/lang/Object;Ljava/lang/Object;Ljava/lang/Object;Ljava/lang/Object;Ljava/lang/Object;Ljava
Event: 21.163 Thread 0x0000019c56bce000 Exception <a 'java/lang/IncompatibleClassChangeError'{0x000000008e619220}: Found class java.lang.Object, but interface was expected> (0x000000008e619220) thrown at [./open/src/hotspot/share/interpreter/linkResolver.cpp, line 838]
Event: 21.184 Thread 0x0000019c56bd0800 Exception <a 'java/lang/IncompatibleClassChangeError'{0x000000008e58f3c8}: Found class java.lang.Object, but interface was expected> (0x000000008e58f3c8) thrown at [./open/src/hotspot/share/interpreter/linkResolver.cpp, line 838]
Event: 21.184 Thread 0x0000019c56bd0800 Exception <a 'java/lang/IncompatibleClassChangeError'{0x000000008e5a5428}: Found class java.lang.Object, but interface was expected> (0x000000008e5a5428) thrown at [./open/src/hotspot/share/interpreter/linkResolver.cpp, line 838]
Event: 21.185 Thread 0x0000019c56bd2000 Exception <a 'java/lang/NoSuchMethodError'{0x000000008e5acf08}: java.lang.invoke.DirectMethodHandle$Holder.newInvokeSpecial(Ljava/lang/Object;I)Ljava/lang/Object;> (0x000000008e5acf08) thrown at [./open/src/hotspot/share/interpreter/linkResolver.cpp, line

Events (10 events):
Event: 21.556 Thread 0x0000019c56bd3000 DEOPT UNPACKING pc=0x0000019c3b316dde sp=0x00000006e67fdc18 mode 0
Event: 21.559 Thread 0x0000019c56bd3000 DEOPT PACKING pc=0x0000019c3bd4bda7 sp=0x00000006e67fe1e0
Event: 21.559 Thread 0x0000019c56bd3000 DEOPT UNPACKING pc=0x0000019c3b316dde sp=0x00000006e67fd648 mode 0
Event: 21.563 Thread 0x0000019c56bcf000 DEOPT PACKING pc=0x0000019c3bd4bda7 sp=0x00000006e6dfe240
Event: 21.563 Thread 0x0000019c56bcf000 DEOPT UNPACKING pc=0x0000019c3b316dde sp=0x00000006e6dfd6a8 mode 0
Event: 21.568 Thread 0x0000019c56bd1800 DEOPT PACKING pc=0x0000019c3bd4bda7 sp=0x00000006e6cfe990
Event: 21.573 Thread 0x0000019c56bd1800 DEOPT UNPACKING pc=0x0000019c3b316dde sp=0x00000006e6cfddf8 mode 0
Event: 21.623 loading class com/android/tools/r8/internal/f8
Event: 21.623 loading class com/android/tools/r8/internal/f8 done
Event: 21.658 Executing VM operation: G1CollectForAllocation


Dynamic libraries:
0x00007ff6cbdd0000 - 0x00007ff6cbddf000 	C:\Program Files\Java\jdk-11.0.12\bin\java.exe
0x00007ffdca130000 - 0x00007ffdca325000 	C:\WINDOWS\SYSTEM32\ntdll.dll
0x00007ffdc98a0000 - 0x00007ffdc995e000 	C:\WINDOWS\System32\KERNEL32.DLL
0x00007ffdc7ca0000 - 0x00007ffdc7f69000 	C:\WINDOWS\System32\KERNELBASE.dll
0x00007ffdc8080000 - 0x00007ffdc8180000 	C:\WINDOWS\System32\ucrtbase.dll
0x00007ffdb1e20000 - 0x00007ffdb1e38000 	C:\Program Files\Java\jdk-11.0.12\bin\jli.dll
0x00007ffdc90e0000 - 0x00007ffdc918c000 	C:\WINDOWS\System32\ADVAPI32.dll
0x00007ffd98c90000 - 0x00007ffd98ca5000 	C:\Program Files\Java\jdk-11.0.12\bin\VCRUNTIME140.dll
0x00007ffdca050000 - 0x00007ffdca0ee000 	C:\WINDOWS\System32\msvcrt.dll
0x00007ffdc9440000 - 0x00007ffdc94db000 	C:\WINDOWS\System32\sechost.dll
0x00007ffdc8460000 - 0x00007ffdc858a000 	C:\WINDOWS\System32\RPCRT4.dll
0x00007ffdc8f30000 - 0x00007ffdc90d1000 	C:\WINDOWS\System32\USER32.dll
0x00007ffdc8050000 - 0x00007ffdc8072000 	C:\WINDOWS\System32\win32u.dll
0x00007ffdc9360000 - 0x00007ffdc938b000 	C:\WINDOWS\System32\GDI32.dll
0x00007ffdb44f0000 - 0x00007ffdb478a000 	C:\WINDOWS\WinSxS\amd64_microsoft.windows.common-controls_6595b64144ccf1df_6.0.19041.1110_none_60b5254171f9507e\COMCTL32.dll
0x00007ffdc7b90000 - 0x00007ffdc7c9b000 	C:\WINDOWS\System32\gdi32full.dll
0x00007ffdc7990000 - 0x00007ffdc7a2d000 	C:\WINDOWS\System32\msvcp_win.dll
0x00007ffdc19c0000 - 0x00007ffdc19ca000 	C:\WINDOWS\SYSTEM32\VERSION.dll
0x00007ffdc9330000 - 0x00007ffdc9360000 	C:\WINDOWS\System32\IMM32.DLL
0x00007ffd8e8d0000 - 0x00007ffd8e96b000 	C:\Program Files\Java\jdk-11.0.12\bin\msvcp140.dll
0x00007ffd6c340000 - 0x00007ffd6ce3f000 	C:\Program Files\Java\jdk-11.0.12\bin\server\jvm.dll
0x00007ffdc8300000 - 0x00007ffdc8308000 	C:\WINDOWS\System32\PSAPI.DLL
0x00007ffda9940000 - 0x00007ffda9949000 	C:\WINDOWS\SYSTEM32\WSOCK32.dll
0x00007ffdb44c0000 - 0x00007ffdb44e7000 	C:\WINDOWS\SYSTEM32\WINMM.dll
0x00007ffdc92c0000 - 0x00007ffdc932b000 	C:\WINDOWS\System32\WS2_32.dll
0x00007ffdc6090000 - 0x00007ffdc60a2000 	C:\WINDOWS\SYSTEM32\kernel.appcore.dll
0x00007ffdb3090000 - 0x00007ffdb30a0000 	C:\Program Files\Java\jdk-11.0.12\bin\verify.dll
0x00007ffdc5620000 - 0x00007ffdc5804000 	C:\WINDOWS\SYSTEM32\DBGHELP.DLL
0x00007ffdb1dc0000 - 0x00007ffdb1dec000 	C:\WINDOWS\SYSTEM32\dbgcore.DLL
0x00007ffdc7850000 - 0x00007ffdc78d3000 	C:\WINDOWS\System32\bcryptPrimitives.dll
0x00007ffd948d0000 - 0x00007ffd948f8000 	C:\Program Files\Java\jdk-11.0.12\bin\java.dll
0x00007ffdb20f0000 - 0x00007ffdb20fa000 	C:\Program Files\Java\jdk-11.0.12\bin\jimage.dll
0x00007ffd98c70000 - 0x00007ffd98c86000 	C:\Program Files\Java\jdk-11.0.12\bin\zip.dll
0x00007ffdc8590000 - 0x00007ffdc8ccf000 	C:\WINDOWS\System32\SHELL32.dll
0x00007ffdc5810000 - 0x00007ffdc5fa0000 	C:\WINDOWS\SYSTEM32\windows.storage.dll
0x00007ffdc94e0000 - 0x00007ffdc9835000 	C:\WINDOWS\System32\combase.dll
0x00007ffdc72a0000 - 0x00007ffdc72cc000 	C:\WINDOWS\SYSTEM32\Wldp.dll
0x00007ffdc9390000 - 0x00007ffdc943d000 	C:\WINDOWS\System32\SHCORE.dll
0x00007ffdc9840000 - 0x00007ffdc9895000 	C:\WINDOWS\System32\shlwapi.dll
0x00007ffdc7790000 - 0x00007ffdc77af000 	C:\WINDOWS\SYSTEM32\profapi.dll
0x00007ffd98a70000 - 0x00007ffd98a89000 	C:\Program Files\Java\jdk-11.0.12\bin\net.dll
0x00007ffdbee30000 - 0x00007ffdbef38000 	C:\WINDOWS\SYSTEM32\WINHTTP.dll
0x00007ffdc7000000 - 0x00007ffdc706a000 	C:\WINDOWS\system32\mswsock.dll
0x00007ffd981e0000 - 0x00007ffd981f2000 	C:\Program Files\Java\jdk-11.0.12\bin\nio.dll
0x00007ffd950c0000 - 0x00007ffd950e7000 	C:\Users\faizm\.gradle\native\8bec1ad78214c89d9ad589b4d07fe93259594b29d510b10fafb7a158f7737e5d\windows-amd64\native-platform.dll
0x00007ffd8e970000 - 0x00007ffd8eaad000 	C:\Users\faizm\.gradle\native\53dbd7edfb1c66fb8903c78663c9afc45aea4f116125fa6feffd364cf09443e8\windows-amd64\native-platform-file-events.dll
0x00007ffdaf1c0000 - 0x00007ffdaf1c9000 	C:\Program Files\Java\jdk-11.0.12\bin\management.dll
0x00007ffdaef60000 - 0x00007ffdaef6b000 	C:\Program Files\Java\jdk-11.0.12\bin\management_ext.dll
0x00007ffdc71f0000 - 0x00007ffdc7208000 	C:\WINDOWS\SYSTEM32\CRYPTSP.dll
0x00007ffdc6910000 - 0x00007ffdc6944000 	C:\WINDOWS\system32\rsaenh.dll
0x00007ffdc7fc0000 - 0x00007ffdc7fe7000 	C:\WINDOWS\System32\bcrypt.dll
0x00007ffdc7710000 - 0x00007ffdc773e000 	C:\WINDOWS\SYSTEM32\USERENV.dll
0x00007ffdc7210000 - 0x00007ffdc721c000 	C:\WINDOWS\SYSTEM32\CRYPTBASE.dll
0x00007ffdc6c80000 - 0x00007ffdc6cbb000 	C:\WINDOWS\SYSTEM32\IPHLPAPI.DLL
0x00007ffdc9960000 - 0x00007ffdc9968000 	C:\WINDOWS\System32\NSI.dll
0x00007ffdc0fd0000 - 0x00007ffdc0fe7000 	C:\WINDOWS\SYSTEM32\dhcpcsvc6.DLL
0x00007ffdc0df0000 - 0x00007ffdc0e0d000 	C:\WINDOWS\SYSTEM32\dhcpcsvc.DLL
0x00007ffdc6cc0000 - 0x00007ffdc6d8c000 	C:\WINDOWS\SYSTEM32\DNSAPI.dll
0x00007ffdc6570000 - 0x00007ffdc65a3000 	C:\WINDOWS\SYSTEM32\ntmarta.dll

dbghelp: loaded successfully - version: 4.0.5 - missing functions: none
symbol engine: initialized successfully - sym options: 0x614 - pdb path: .;C:\Program Files\Java\jdk-11.0.12\bin;C:\WINDOWS\SYSTEM32;C:\WINDOWS\WinSxS\amd64_microsoft.windows.common-controls_6595b64144ccf1df_6.0.19041.1110_none_60b5254171f9507e;C:\Program Files\Java\jdk-11.0.12\bin\server;C:\Users\faizm\.gradle\native\8bec1ad78214c89d9ad589b4d07fe93259594b29d510b10fafb7a158f7737e5d\windows-amd64;C:\Users\faizm\.gradle\native\53dbd7edfb1c66fb8903c78663c9afc45aea4f116125fa6feffd364cf09443e8\windows-amd64

VM Arguments:
jvm_args: --add-opens=java.base/java.util=ALL-UNNAMED --add-opens=java.base/java.lang=ALL-UNNAMED --add-opens=java.base/java.lang.invoke=ALL-UNNAMED --add-opens=java.base/java.util=ALL-UNNAMED --add-opens=java.prefs/java.util.prefs=ALL-UNNAMED --add-opens=java.prefs/java.util.prefs=ALL-UNNAMED --add-opens=java.base/java.nio.charset=ALL-UNNAMED --add-opens=java.base/java.net=ALL-UNNAMED --add-opens=java.base/java.util.concurrent.atomic=ALL-UNNAMED -Xmx2048m -Dfile.encoding=UTF-8 -Duser.country=IN -Duser.language=en -Duser.variant 
java_command: org.gradle.launcher.daemon.bootstrap.GradleDaemon 7.0.2
java_class_path (initial): C:\Users\faizm\.gradle\wrapper\dists\gradle-7.0.2-bin\857tjihv64xamwrf0h14cai3r\gradle-7.0.2\lib\gradle-launcher-7.0.2.jar
Launcher Type: SUN_STANDARD

[Global flags]
     intx CICompilerCount                          = 4                                         {product} {ergonomic}
     uint ConcGCThreads                            = 2                                         {product} {ergonomic}
     uint G1ConcRefinementThreads                  = 8                                         {product} {ergonomic}
   size_t G1HeapRegionSize                         = 1048576                                   {product} {ergonomic}
    uintx GCDrainStackTargetSize                   = 64                                        {product} {ergonomic}
   size_t InitialHeapSize                          = 132120576                                 {product} {ergonomic}
   size_t MarkStackSize                            = 4194304                                   {product} {ergonomic}
   size_t MaxHeapSize                              = 2147483648                                {product} {command line}
   size_t MaxNewSize                               = 1287651328                                {product} {ergonomic}
   size_t MinHeapDeltaBytes                        = 1048576                                   {product} {ergonomic}
    uintx NonNMethodCodeHeapSize                   = 5836300                                {pd product} {ergonomic}
    uintx NonProfiledCodeHeapSize                  = 122910970                              {pd product} {ergonomic}
    uintx ProfiledCodeHeapSize                     = 122910970                              {pd product} {ergonomic}
    uintx ReservedCodeCacheSize                    = 251658240                              {pd product} {ergonomic}
     bool SegmentedCodeCache                       = true                                      {product} {ergonomic}
     bool UseCompressedClassPointers               = true                                 {lp64_product} {ergonomic}
     bool UseCompressedOops                        = true                                 {lp64_product} {ergonomic}
     bool UseG1GC                                  = true                                      {product} {ergonomic}
     bool UseLargePagesIndividualAllocation        = false                                  {pd product} {ergonomic}

Logging:
Log output configuration:
 #0: stdout all=warning uptime,level,tags
 #1: stderr all=off uptime,level,tags

Environment Variables:
PATH=C:\Program Files\Common Files\Oracle\Java\javapath;C:\Program Files (x86)\NVIDIA Corporation\PhysX\Common;C:\WINDOWS\system32;C:\WINDOWS;C:\WINDOWS\System32\Wbem;C:\WINDOWS\System32\WindowsPowerShell\v1.0\;C:\WINDOWS\System32\OpenSSH\;C:\Program Files\NVIDIA Corporation\NVIDIA NvDLISR;C:\Program Files\Git\cmd;C:\Program Files\Java\jdk-11.0.12\bin;C:\Users\faizm\AppData\Local\Programs\Microsoft VS Code\bin
USERNAME=faizm
OS=Windows_NT
PROCESSOR_IDENTIFIER=Intel64 Family 6 Model 158 Stepping 10, GenuineIntel



---------------  S Y S T E M  ---------------

OS: Windows 10 , 64 bit Build 19041 (10.0.19041.1202)

CPU:total 8 (initial active 8) (4 cores per cpu, 2 threads per core) family 6 model 158 stepping 10 microcode 0xd2, cmov, cx8, fxsr, mmx, sse, sse2, sse3, ssse3, sse4.1, sse4.2, popcnt, avx, avx2, aes, clmul, erms, 3dnowpref, lzcnt, ht, tsc, tscinvbit, bmi1, bmi2, adx, fma

Memory: 4k page, system-wide physical 8044M (357M free)
TotalPageFile size 32620M (AvailPageFile size 68M)
current process WorkingSet (physical memory assigned to process): 494M, peak: 494M
current process commit charge ("private bytes"): 587M, peak: 821M

vm_info: Java HotSpot(TM) 64-Bit Server VM (11.0.12+8-LTS-237) for windows-amd64 JRE (11.0.12+8-LTS-237), built on Jun  8 2021 11:25:59 by "mach5one" with MS VC++ 15.9 (VS2017)

END.
