#
# There is insufficient memory for the Java Runtime Environment to continue.
# Native memory allocation (malloc) failed to allocate 110592 bytes for Chunk::new
# Possible reasons:
#   The system is out of physical RAM or swap space
#   The process is running with CompressedOops enabled, and the Java Heap may be blocking the growth of the native heap
# Possible solutions:
#   Reduce memory load on the system
#   Increase physical memory or swap space
#   Check if swap backing store is full
#   Decrease Java heap size (-Xmx/-Xms)
#   Decrease number of Java threads
#   Decrease Java thread stack sizes (-Xss)
#   Set larger code cache with -XX:ReservedCodeCacheSize=
#   JVM is running with Unscaled Compressed Oops mode in which the Java heap is
#     placed in the first 4GB address space. The Java Heap base address is the
#     maximum limit for the native heap growth. Please use -XX:HeapBaseMinAddress
#     to set the Java Heap base and to place the Java Heap above 4GB virtual address.
# This output file may be truncated or incomplete.
#
#  Out of Memory Error (./open/src/hotspot/share/memory/arena.cpp:197), pid=26652, tid=24664
#
# JRE version: Java(TM) SE Runtime Environment 18.9 (11.0.12+8) (build 11.0.12+8-LTS-237)
# Java VM: Java HotSpot(TM) 64-Bit Server VM 18.9 (11.0.12+8-LTS-237, mixed mode, tiered, compressed oops, g1 gc, windows-amd64)
# No core dump will be written. Minidumps are not enabled by default on client versions of Windows
#

---------------  S U M M A R Y ------------

Command Line: --add-opens=java.base/java.util=ALL-UNNAMED --add-opens=java.base/java.lang=ALL-UNNAMED --add-opens=java.base/java.lang.invoke=ALL-UNNAMED --add-opens=java.base/java.util=ALL-UNNAMED --add-opens=java.prefs/java.util.prefs=ALL-UNNAMED --add-opens=java.prefs/java.util.prefs=ALL-UNNAMED --add-opens=java.base/java.nio.charset=ALL-UNNAMED --add-opens=java.base/java.net=ALL-UNNAMED --add-opens=java.base/java.util.concurrent.atomic=ALL-UNNAMED -Xmx2048m -Dfile.encoding=UTF-8 -Duser.country=IN -Duser.language=en -Duser.variant org.gradle.launcher.daemon.bootstrap.GradleDaemon 7.0.2

Host: Intel(R) Core(TM) i5-9300H CPU @ 2.40GHz, 8 cores, 7G,  Windows 10 , 64 bit Build 19041 (10.0.19041.1202)
Time: Mon Oct 11 00:38:29 2021 India Standard Time elapsed time: 16.549046 seconds (0d 0h 0m 16s)

---------------  T H R E A D  ---------------

Current thread (0x000001aef86d0800):  JavaThread "C2 CompilerThread1" daemon [_thread_in_native, id=24664, stack(0x0000009f92c00000,0x0000009f92d00000)]


Current CompileTask:
C2:  16549 12948   !   4       com.google.common.cache.LocalCache$Segment::lockedGetOrLoad (447 bytes)

Stack: [0x0000009f92c00000,0x0000009f92d00000]
Native frames: (J=compiled Java code, j=interpreted, Vv=VM code, C=native code)
V  [jvm.dll+0x617d9a]
V  [jvm.dll+0x74eeef]
V  [jvm.dll+0x750599]
V  [jvm.dll+0x750c23]
V  [jvm.dll+0x2438d8]
V  [jvm.dll+0xba6dc]
V  [jvm.dll+0xbac9c]
V  [jvm.dll+0x66cf2b]
V  [jvm.dll+0x194260]
V  [jvm.dll+0x1fd212]
V  [jvm.dll+0x1fc2ed]
V  [jvm.dll+0x17f18c]
V  [jvm.dll+0x20b87c]
V  [jvm.dll+0x20997b]
V  [jvm.dll+0x716359]
V  [jvm.dll+0x70f064]
V  [jvm.dll+0x616f66]
C  [ucrtbase.dll+0x21bb2]
C  [KERNEL32.DLL+0x17034]
C  [ntdll.dll+0x52651]


---------------  P R O C E S S  ---------------

Threads class SMR info:
_java_thread_list=0x000001aefc64ac60, length=69, elements={
0x000001aed0d17800, 0x000001aef1b39000, 0x000001aef1b3b000, 0x000001aef24c2800,
0x000001aef1b4e000, 0x000001aef1b50000, 0x000001aef1b59000, 0x000001aef1b5c000,
0x000001aef1b66000, 0x000001aef2608000, 0x000001aef45b2000, 0x000001aef2918800,
0x000001aef3fa3800, 0x000001aef44d3000, 0x000001aef3fc0800, 0x000001aef58f2000,
0x000001aef3bbd800, 0x000001aef591f800, 0x000001aef36cc800, 0x000001aef59ec800,
0x000001aef48a2000, 0x000001aef489c000, 0x000001aef48a0000, 0x000001aef48a2800,
0x000001aef489d000, 0x000001aef48a1000, 0x000001aef489f800, 0x000001aef489e800,
0x000001aef489e000, 0x000001aef5068000, 0x000001aef5069000, 0x000001aef506b800,
0x000001aef506a000, 0x000001aef5070800, 0x000001aef506a800, 0x000001aef5071000,
0x000001aef5072000, 0x000001aef506e000, 0x000001aef506c800, 0x000001aef5073000,
0x000001aef506d000, 0x000001aef5076000, 0x000001aef5074800, 0x000001aef5077000,
0x000001aef5073800, 0x000001aef5075800, 0x000001aef83c1800, 0x000001aef83c3000,
0x000001aef83be800, 0x000001aef83bf000, 0x000001aef83c4000, 0x000001aef83c0800,
0x000001aef83c2800, 0x000001aef83c0000, 0x000001aefa54b000, 0x000001aefa548800,
0x000001aefa547000, 0x000001aefa54c000, 0x000001aefa54a800, 0x000001aefa546000,
0x000001aefa549800, 0x000001aef86d0800, 0x000001aefa54d000, 0x000001aefa54d800,
0x000001aefa548000, 0x000001aefa551000, 0x000001aefa551800, 0x000001aefa550000,
0x000001aefa54e800
}

Java Threads: ( => current thread )
  0x000001aed0d17800 JavaThread "main" [_thread_blocked, id=1820, stack(0x0000009f8e100000,0x0000009f8e200000)]
  0x000001aef1b39000 JavaThread "Reference Handler" daemon [_thread_blocked, id=26696, stack(0x0000009f8e800000,0x0000009f8e900000)]
  0x000001aef1b3b000 JavaThread "Finalizer" daemon [_thread_blocked, id=21604, stack(0x0000009f8e900000,0x0000009f8ea00000)]
  0x000001aef24c2800 JavaThread "Signal Dispatcher" daemon [_thread_blocked, id=4596, stack(0x0000009f8ea00000,0x0000009f8eb00000)]
  0x000001aef1b4e000 JavaThread "Attach Listener" daemon [_thread_blocked, id=26664, stack(0x0000009f8eb00000,0x0000009f8ec00000)]
  0x000001aef1b50000 JavaThread "Service Thread" daemon [_thread_blocked, id=19076, stack(0x0000009f8ec00000,0x0000009f8ed00000)]
  0x000001aef1b59000 JavaThread "C2 CompilerThread0" daemon [_thread_in_native, id=7360, stack(0x0000009f8ed00000,0x0000009f8ee00000)]
  0x000001aef1b5c000 JavaThread "C1 CompilerThread0" daemon [_thread_in_native, id=21024, stack(0x0000009f8ee00000,0x0000009f8ef00000)]
  0x000001aef1b66000 JavaThread "Sweeper thread" daemon [_thread_blocked, id=25840, stack(0x0000009f8ef00000,0x0000009f8f000000)]
  0x000001aef2608000 JavaThread "Common-Cleaner" daemon [_thread_blocked, id=24896, stack(0x0000009f8f000000,0x0000009f8f100000)]
  0x000001aef45b2000 JavaThread "Daemon health stats" [_thread_blocked, id=27348, stack(0x0000009f8f500000,0x0000009f8f600000)]
  0x000001aef2918800 JavaThread "Incoming local TCP Connector on port 61071" [_thread_in_native, id=21132, stack(0x0000009f8f200000,0x0000009f8f300000)]
  0x000001aef3fa3800 JavaThread "Daemon periodic checks" [_thread_blocked, id=23496, stack(0x0000009f8f600000,0x0000009f8f700000)]
  0x000001aef44d3000 JavaThread "Daemon" [_thread_blocked, id=27088, stack(0x0000009f8f700000,0x0000009f8f800000)]
  0x000001aef3fc0800 JavaThread "Handler for socket connection from /127.0.0.1:61071 to /127.0.0.1:61072" [_thread_in_native, id=27340, stack(0x0000009f8f800000,0x0000009f8f900000)]
  0x000001aef58f2000 JavaThread "Cancel handler" [_thread_blocked, id=27304, stack(0x0000009f8f900000,0x0000009f8fa00000)]
  0x000001aef3bbd800 JavaThread "Daemon worker" [_thread_blocked, id=27352, stack(0x0000009f8fa00000,0x0000009f8fb00000)]
  0x000001aef591f800 JavaThread "Asynchronous log dispatcher for DefaultDaemonConnection: socket connection from /127.0.0.1:61071 to /127.0.0.1:61072" [_thread_blocked, id=27452, stack(0x0000009f8fb00000,0x0000009f8fc00000)]
  0x000001aef36cc800 JavaThread "Stdin handler" [_thread_blocked, id=26904, stack(0x0000009f8fc00000,0x0000009f8fd00000)]
  0x000001aef59ec800 JavaThread "Daemon client event forwarder" [_thread_blocked, id=26784, stack(0x0000009f8fd00000,0x0000009f8fe00000)]
  0x000001aef48a2000 JavaThread "Cache worker for file hash cache (C:\Users\faizm\.gradle\caches\7.0.2\fileHashes)" [_thread_blocked, id=25044, stack(0x0000009f90300000,0x0000009f90400000)]
  0x000001aef489c000 JavaThread "File lock request listener" [_thread_in_native, id=27252, stack(0x0000009f90400000,0x0000009f90500000)]
  0x000001aef48a0000 JavaThread "Cache worker for journal cache (C:\Users\faizm\.gradle\caches\journal-1)" [_thread_blocked, id=25888, stack(0x0000009f90600000,0x0000009f90700000)]
  0x000001aef48a2800 JavaThread "Cache worker for file hash cache (C:\Users\faizm\AndroidStudioProjects\NetcampProject\.gradle\7.0.2\fileHashes)" [_thread_blocked, id=4608, stack(0x0000009f90700000,0x0000009f90800000)]
  0x000001aef489d000 JavaThread "File watcher server" daemon [_thread_in_native, id=24264, stack(0x0000009f90800000,0x0000009f90900000)]
  0x000001aef48a1000 JavaThread "File watcher consumer" daemon [_thread_blocked, id=25232, stack(0x0000009f90900000,0x0000009f90a00000)]
  0x000001aef489f800 JavaThread "Cache worker for checksums cache (C:\Users\faizm\AndroidStudioProjects\NetcampProject\.gradle\checksums)" [_thread_blocked, id=13596, stack(0x0000009f90a00000,0x0000009f90b00000)]
  0x000001aef489e800 JavaThread "Cache worker for cache directory md-supplier (C:\Users\faizm\.gradle\caches\7.0.2\md-supplier)" [_thread_blocked, id=24148, stack(0x0000009f90b00000,0x0000009f90c00000)]
  0x000001aef489e000 JavaThread "Cache worker for cache directory md-rule (C:\Users\faizm\.gradle\caches\7.0.2\md-rule)" [_thread_blocked, id=24056, stack(0x0000009f90c00000,0x0000009f90d00000)]
  0x000001aef5068000 JavaThread "Cache worker for execution history cache (C:\Users\faizm\.gradle\caches\7.0.2\executionHistory)" [_thread_blocked, id=14340, stack(0x0000009f90d00000,0x0000009f90e00000)]
  0x000001aef5069000 JavaThread "jar transforms" [_thread_blocked, id=22968, stack(0x0000009f90e00000,0x0000009f90f00000)]
  0x000001aef506b800 JavaThread "jar transforms Thread 2" [_thread_blocked, id=16120, stack(0x0000009f90f00000,0x0000009f91000000)]
  0x000001aef506a000 JavaThread "Cache worker for file content cache (C:\Users\faizm\.gradle\caches\7.0.2\fileContent)" [_thread_blocked, id=8908, stack(0x0000009f91000000,0x0000009f91100000)]
  0x000001aef5070800 JavaThread "Cache worker for dependencies-accessors (C:\Users\faizm\AndroidStudioProjects\NetcampProject\.gradle\7.0.2\dependencies-accessors)" [_thread_blocked, id=25728, stack(0x0000009f91100000,0x0000009f91200000)]
  0x000001aef506a800 JavaThread "jar transforms Thread 3" [_thread_blocked, id=24516, stack(0x0000009f91200000,0x0000009f91300000)]
  0x000001aef5071000 JavaThread "Cache worker for Build Output Cleanup Cache (C:\Users\faizm\AndroidStudioProjects\NetcampProject\.gradle\buildOutputCleanup)" [_thread_blocked, id=22060, stack(0x0000009f91300000,0x0000009f91400000)]
  0x000001aef5072000 JavaThread "Build operations" [_thread_blocked, id=26752, stack(0x0000009f91500000,0x0000009f91600000)]
  0x000001aef506e000 JavaThread "Build operations Thread 2" [_thread_blocked, id=9268, stack(0x0000009f91600000,0x0000009f91700000)]
  0x000001aef506c800 JavaThread "Build operations Thread 3" [_thread_blocked, id=21128, stack(0x0000009f91700000,0x0000009f91800000)]
  0x000001aef5073000 JavaThread "Build operations Thread 4" [_thread_in_native, id=25632, stack(0x0000009f91800000,0x0000009f91900000)]
  0x000001aef506d000 JavaThread "Build operations Thread 5" [_thread_blocked, id=23152, stack(0x0000009f91900000,0x0000009f91a00000)]
  0x000001aef5076000 JavaThread "Build operations Thread 6" [_thread_blocked, id=7140, stack(0x0000009f91a00000,0x0000009f91b00000)]
  0x000001aef5074800 JavaThread "Build operations Thread 7" [_thread_blocked, id=14308, stack(0x0000009f91b00000,0x0000009f91c00000)]
  0x000001aef5077000 JavaThread "Build operations Thread 8" [_thread_blocked, id=26156, stack(0x0000009f91c00000,0x0000009f91d00000)]
  0x000001aef5073800 JavaThread "jar transforms Thread 4" [_thread_blocked, id=2384, stack(0x0000009f91d00000,0x0000009f91e00000)]
  0x000001aef5075800 JavaThread "jar transforms Thread 5" [_thread_blocked, id=27472, stack(0x0000009f91e00000,0x0000009f91f00000)]
  0x000001aef83c1800 JavaThread "jar transforms Thread 6" [_thread_blocked, id=27196, stack(0x0000009f91f00000,0x0000009f92000000)]
  0x000001aef83c3000 JavaThread "jar transforms Thread 7" [_thread_blocked, id=5816, stack(0x0000009f92000000,0x0000009f92100000)]
  0x000001aef83be800 JavaThread "jar transforms Thread 8" [_thread_blocked, id=4732, stack(0x0000009f92100000,0x0000009f92200000)]
  0x000001aef83bf000 JavaThread "Memory manager" [_thread_blocked, id=2944, stack(0x0000009f92200000,0x0000009f92300000)]
  0x000001aef83c4000 JavaThread "build event listener" [_thread_blocked, id=22852, stack(0x0000009f92300000,0x0000009f92400000)]
  0x000001aef83c0800 JavaThread "Execution worker for ':'" [_thread_blocked, id=15976, stack(0x0000009f92400000,0x0000009f92500000)]
  0x000001aef83c2800 JavaThread "Execution worker for ':' Thread 2" [_thread_in_Java, id=504, stack(0x0000009f92500000,0x0000009f92600000)]
  0x000001aef83c0000 JavaThread "Execution worker for ':' Thread 3" [_thread_blocked, id=23316, stack(0x0000009f92600000,0x0000009f92700000)]
  0x000001aefa54b000 JavaThread "Execution worker for ':' Thread 4" [_thread_blocked, id=2464, stack(0x0000009f92700000,0x0000009f92800000)]
  0x000001aefa548800 JavaThread "Execution worker for ':' Thread 5" [_thread_blocked, id=20688, stack(0x0000009f92800000,0x0000009f92900000)]
  0x000001aefa547000 JavaThread "Execution worker for ':' Thread 6" [_thread_blocked, id=4736, stack(0x0000009f92900000,0x0000009f92a00000)]
  0x000001aefa54c000 JavaThread "Execution worker for ':' Thread 7" [_thread_blocked, id=22424, stack(0x0000009f92a00000,0x0000009f92b00000)]
  0x000001aefa54a800 JavaThread "Cache worker for execution history cache (C:\Users\faizm\AndroidStudioProjects\NetcampProject\.gradle\7.0.2\executionHistory)" [_thread_blocked, id=16500, stack(0x0000009f92b00000,0x0000009f92c00000)]
  0x000001aefa546000 JavaThread "WorkerExecutor Queue" [_thread_blocked, id=12820, stack(0x0000009f91400000,0x0000009f91500000)]
  0x000001aefa549800 JavaThread "WorkerExecutor Queue Thread 2" [_thread_in_native, id=20636, stack(0x0000009f92d00000,0x0000009f92e00000)]
=>0x000001aef86d0800 JavaThread "C2 CompilerThread1" daemon [_thread_in_native, id=24664, stack(0x0000009f92c00000,0x0000009f92d00000)]
  0x000001aefa54d000 JavaThread "WorkerExecutor Queue Thread 3" [_thread_in_native, id=18360, stack(0x0000009f93100000,0x0000009f93200000)]
  0x000001aefa54d800 JavaThread "WorkerExecutor Queue Thread 4" [_thread_in_native, id=6396, stack(0x0000009f93200000,0x0000009f93300000)]
  0x000001aefa548000 JavaThread "WorkerExecutor Queue Thread 5" [_thread_blocked, id=21468, stack(0x0000009f93300000,0x0000009f93400000)]
  0x000001aefa551000 JavaThread "WorkerExecutor Queue Thread 6" [_thread_in_vm, id=27564, stack(0x0000009f93400000,0x0000009f93500000)]
  0x000001aefa551800 JavaThread "WorkerExecutor Queue Thread 7" [_thread_in_native, id=26948, stack(0x0000009f93500000,0x0000009f93600000)]
  0x000001aefa550000 JavaThread "WorkerExecutor Queue Thread 8" [_thread_in_Java, id=3816, stack(0x0000009f93600000,0x0000009f93700000)]
  0x000001aefa54e800 JavaThread "WorkerExecutor Queue Thread 9" [_thread_in_native, id=12608, stack(0x0000009f93700000,0x0000009f93800000)]

Other Threads:
  0x000001aef1b34800 VMThread "VM Thread" [stack: 0x0000009f8e700000,0x0000009f8e800000] [id=12068]
  0x000001aef2658800 WatcherThread [stack: 0x0000009f8f100000,0x0000009f8f200000] [id=6260]
  0x000001aed0d2f000 GCTaskThread "GC Thread#0" [stack: 0x0000009f8e200000,0x0000009f8e300000] [id=16564]
  0x000001aef31f0800 GCTaskThread "GC Thread#1" [stack: 0x0000009f8f300000,0x0000009f8f400000] [id=18936]
  0x000001aef34f0800 GCTaskThread "GC Thread#2" [stack: 0x0000009f8f400000,0x0000009f8f500000] [id=19680]
  0x000001aef34ed000 GCTaskThread "GC Thread#3" [stack: 0x0000009f8fe00000,0x0000009f8ff00000] [id=25440]
  0x000001aef34ec800 GCTaskThread "GC Thread#4" [stack: 0x0000009f8ff00000,0x0000009f90000000] [id=3284]
  0x000001aef34f3800 GCTaskThread "GC Thread#5" [stack: 0x0000009f90000000,0x0000009f90100000] [id=23280]
  0x000001aef34ed800 GCTaskThread "GC Thread#6" [stack: 0x0000009f90100000,0x0000009f90200000] [id=19716]
  0x000001aef34f1800 GCTaskThread "GC Thread#7" [stack: 0x0000009f90200000,0x0000009f90300000] [id=17932]
  0x000001aed0d61000 ConcurrentGCThread "G1 Main Marker" [stack: 0x0000009f8e300000,0x0000009f8e400000] [id=27580]
  0x000001aed0d62800 ConcurrentGCThread "G1 Conc#0" [stack: 0x0000009f8e400000,0x0000009f8e500000] [id=22188]
  0x000001aef34ee800 ConcurrentGCThread "G1 Conc#1" [stack: 0x0000009f90500000,0x0000009f90600000] [id=19904]
  0x000001aef1990800 ConcurrentGCThread "G1 Refine#0" [stack: 0x0000009f8e500000,0x0000009f8e600000] [id=26468]
  0x000001aefcb1d000 ConcurrentGCThread "G1 Refine#1" [stack: 0x0000009f92e00000,0x0000009f92f00000] [id=15596]
  0x000001aefcb1f000 ConcurrentGCThread "G1 Refine#2" [stack: 0x0000009f92f00000,0x0000009f93000000] [id=27520]
  0x000001aefcb20000 ConcurrentGCThread "G1 Refine#3" [stack: 0x0000009f93000000,0x0000009f93100000] [id=27532]
  0x000001aef1991000 ConcurrentGCThread "G1 Young RemSet Sampling" [stack: 0x0000009f8e600000,0x0000009f8e700000] [id=18808]

Threads with active compile tasks:
C2 CompilerThread0  16599 12994   !   4       com.google.common.cache.LocalCache$Segment::storeLoadedValue (371 bytes)
C1 CompilerThread0  16599 13245       2       org.gradle.internal.execution.steps.ResolveCachingStateStep$1::getValidationProblems (10 bytes)
C2 CompilerThread1  16599 12948   !   4       com.google.common.cache.LocalCache$Segment::lockedGetOrLoad (447 bytes)

VM state:not at safepoint (normal execution)

VM Mutex/Monitor currently owned by a thread: None

OutOfMemory and StackOverflow Exception counts:
OutOfMemoryError java_heap_errors=49
LinkageErrors=142

Heap address: 0x0000000080000000, size: 2048 MB, Compressed Oops mode: 32-bit
Narrow klass base: 0x0000000000000000, Narrow klass shift: 3
Compressed class space size: 1073741824 Address: 0x0000000100000000

Heap:
 garbage-first heap   total 225280K, used 125630K [0x0000000080000000, 0x0000000100000000)
  region size 1024K, 42 young (43008K), 10 survivors (10240K)
 Metaspace       used 93020K, capacity 95362K, committed 95488K, reserved 1132544K
  class space    used 11619K, capacity 12428K, committed 12544K, reserved 1048576K
Heap Regions: E=young(eden), S=young(survivor), O=old, HS=humongous(starts), HC=humongous(continues), CS=collection set, F=free, A=archive, TAMS=top-at-mark-start (previous, next)
|   0|0x0000000080000000, 0x0000000080100000, 0x0000000080100000|100%| O|  |TAMS 0x0000000080100000, 0x0000000080000000| Untracked 
|   1|0x0000000080100000, 0x0000000080200000, 0x0000000080200000|100%| O|  |TAMS 0x0000000080200000, 0x0000000080100000| Untracked 
|   2|0x0000000080200000, 0x0000000080300000, 0x0000000080300000|100%| O|  |TAMS 0x0000000080300000, 0x0000000080200000| Untracked 
|   3|0x0000000080300000, 0x0000000080400000, 0x0000000080400000|100%|HS|  |TAMS 0x0000000080400000, 0x0000000080300000| Complete 
|   4|0x0000000080400000, 0x0000000080500000, 0x0000000080500000|100%|HC|  |TAMS 0x0000000080500000, 0x0000000080400000| Complete 
|   5|0x0000000080500000, 0x0000000080600000, 0x0000000080600000|100%|HC|  |TAMS 0x0000000080600000, 0x0000000080500000| Complete 
|   6|0x0000000080600000, 0x0000000080700000, 0x0000000080700000|100%| O|  |TAMS 0x0000000080700000, 0x0000000080600000| Untracked 
|   7|0x0000000080700000, 0x0000000080800000, 0x0000000080800000|100%| O|  |TAMS 0x0000000080800000, 0x0000000080700000| Untracked 
|   8|0x0000000080800000, 0x0000000080900000, 0x0000000080900000|100%| O|  |TAMS 0x0000000080900000, 0x0000000080800000| Untracked 
|   9|0x0000000080900000, 0x0000000080a00000, 0x0000000080a00000|100%| O|  |TAMS 0x0000000080a00000, 0x0000000080900000| Untracked 
|  10|0x0000000080a00000, 0x0000000080b00000, 0x0000000080b00000|100%| O|  |TAMS 0x0000000080b00000, 0x0000000080a00000| Untracked 
|  11|0x0000000080b00000, 0x0000000080c00000, 0x0000000080c00000|100%| O|  |TAMS 0x0000000080c00000, 0x0000000080b00000| Untracked 
|  12|0x0000000080c00000, 0x0000000080d00000, 0x0000000080d00000|100%| O|  |TAMS 0x0000000080d00000, 0x0000000080c00000| Untracked 
|  13|0x0000000080d00000, 0x0000000080e00000, 0x0000000080e00000|100%| O|  |TAMS 0x0000000080e00000, 0x0000000080d00000| Untracked 
|  14|0x0000000080e00000, 0x0000000080f00000, 0x0000000080f00000|100%| O|  |TAMS 0x0000000080f00000, 0x0000000080e00000| Untracked 
|  15|0x0000000080f00000, 0x0000000081000000, 0x0000000081000000|100%| O|  |TAMS 0x0000000081000000, 0x0000000080f00000| Untracked 
|  16|0x0000000081000000, 0x0000000081100000, 0x0000000081100000|100%| O|  |TAMS 0x0000000081100000, 0x0000000081000000| Untracked 
|  17|0x0000000081100000, 0x0000000081200000, 0x0000000081200000|100%| O|  |TAMS 0x0000000081200000, 0x0000000081100000| Untracked 
|  18|0x0000000081200000, 0x0000000081300000, 0x0000000081300000|100%|HS|  |TAMS 0x0000000081300000, 0x0000000081200000| Complete 
|  19|0x0000000081300000, 0x0000000081400000, 0x0000000081400000|100%| O|  |TAMS 0x0000000081400000, 0x0000000081300000| Untracked 
|  20|0x0000000081400000, 0x0000000081500000, 0x0000000081500000|100%| O|  |TAMS 0x0000000081500000, 0x0000000081400000| Untracked 
|  21|0x0000000081500000, 0x0000000081600000, 0x0000000081600000|100%| O|  |TAMS 0x0000000081600000, 0x0000000081500000| Untracked 
|  22|0x0000000081600000, 0x0000000081700000, 0x0000000081700000|100%| O|  |TAMS 0x0000000081700000, 0x0000000081600000| Untracked 
|  23|0x0000000081700000, 0x0000000081800000, 0x0000000081800000|100%|HS|  |TAMS 0x0000000081800000, 0x0000000081700000| Complete 
|  24|0x0000000081800000, 0x0000000081900000, 0x0000000081900000|100%|HS|  |TAMS 0x0000000081900000, 0x0000000081800000| Complete 
|  25|0x0000000081900000, 0x0000000081a00000, 0x0000000081a00000|100%|HC|  |TAMS 0x0000000081a00000, 0x0000000081900000| Complete 
|  26|0x0000000081a00000, 0x0000000081b00000, 0x0000000081b00000|100%| O|  |TAMS 0x0000000081b00000, 0x0000000081a00000| Untracked 
|  27|0x0000000081b00000, 0x0000000081c00000, 0x0000000081c00000|100%| O|  |TAMS 0x0000000081c00000, 0x0000000081b00000| Untracked 
|  28|0x0000000081c00000, 0x0000000081d00000, 0x0000000081d00000|100%| O|  |TAMS 0x0000000081d00000, 0x0000000081c00000| Untracked 
|  29|0x0000000081d00000, 0x0000000081e00000, 0x0000000081e00000|100%| O|  |TAMS 0x0000000081e00000, 0x0000000081d00000| Untracked 
|  30|0x0000000081e00000, 0x0000000081f00000, 0x0000000081f00000|100%| O|  |TAMS 0x0000000081f00000, 0x0000000081e00000| Untracked 
|  31|0x0000000081f00000, 0x0000000082000000, 0x0000000082000000|100%| O|  |TAMS 0x0000000082000000, 0x0000000081f00000| Untracked 
|  32|0x0000000082000000, 0x0000000082100000, 0x0000000082100000|100%| O|  |TAMS 0x0000000082100000, 0x0000000082000000| Untracked 
|  33|0x0000000082100000, 0x0000000082200000, 0x0000000082200000|100%| O|  |TAMS 0x0000000082200000, 0x0000000082100000| Untracked 
|  34|0x0000000082200000, 0x0000000082300000, 0x0000000082300000|100%| O|  |TAMS 0x0000000082300000, 0x0000000082200000| Untracked 
|  35|0x0000000082300000, 0x0000000082400000, 0x0000000082400000|100%| O|  |TAMS 0x0000000082400000, 0x0000000082300000| Untracked 
|  36|0x0000000082400000, 0x0000000082500000, 0x0000000082500000|100%| O|  |TAMS 0x0000000082500000, 0x0000000082400000| Untracked 
|  37|0x0000000082500000, 0x0000000082600000, 0x0000000082600000|100%| O|  |TAMS 0x0000000082600000, 0x0000000082500000| Untracked 
|  38|0x0000000082600000, 0x0000000082700000, 0x0000000082700000|100%| O|  |TAMS 0x0000000082700000, 0x0000000082600000| Untracked 
|  39|0x0000000082700000, 0x0000000082800000, 0x0000000082800000|100%| O|  |TAMS 0x0000000082800000, 0x0000000082700000| Untracked 
|  40|0x0000000082800000, 0x0000000082900000, 0x0000000082900000|100%| O|  |TAMS 0x0000000082900000, 0x0000000082800000| Untracked 
|  41|0x0000000082900000, 0x0000000082a00000, 0x0000000082a00000|100%| O|  |TAMS 0x0000000082a00000, 0x0000000082900000| Untracked 
|  42|0x0000000082a00000, 0x0000000082b00000, 0x0000000082b00000|100%| O|  |TAMS 0x0000000082b00000, 0x0000000082a00000| Untracked 
|  43|0x0000000082b00000, 0x0000000082c00000, 0x0000000082c00000|100%| O|  |TAMS 0x0000000082c00000, 0x0000000082b00000| Untracked 
|  44|0x0000000082c00000, 0x0000000082d00000, 0x0000000082d00000|100%| O|  |TAMS 0x0000000082d00000, 0x0000000082c00000| Untracked 
|  45|0x0000000082d00000, 0x0000000082e00000, 0x0000000082e00000|100%| O|  |TAMS 0x0000000082e00000, 0x0000000082d00000| Untracked 
|  46|0x0000000082e00000, 0x0000000082f00000, 0x0000000082f00000|100%| O|  |TAMS 0x0000000082f00000, 0x0000000082e00000| Untracked 
|  47|0x0000000082f00000, 0x0000000083000000, 0x0000000083000000|100%| O|  |TAMS 0x0000000083000000, 0x0000000082f00000| Untracked 
|  48|0x0000000083000000, 0x0000000083100000, 0x0000000083100000|100%| O|  |TAMS 0x0000000083100000, 0x0000000083000000| Untracked 
|  49|0x0000000083100000, 0x0000000083200000, 0x0000000083200000|100%| O|  |TAMS 0x0000000083200000, 0x0000000083100000| Untracked 
|  50|0x0000000083200000, 0x0000000083300000, 0x0000000083300000|100%| O|  |TAMS 0x0000000083300000, 0x0000000083200000| Untracked 
|  51|0x0000000083300000, 0x0000000083400000, 0x0000000083400000|100%| O|  |TAMS 0x0000000083400000, 0x0000000083300000| Untracked 
|  52|0x0000000083400000, 0x0000000083500000, 0x0000000083500000|100%| O|  |TAMS 0x0000000083500000, 0x0000000083400000| Untracked 
|  53|0x0000000083500000, 0x0000000083600000, 0x0000000083600000|100%| O|  |TAMS 0x0000000083600000, 0x0000000083500000| Untracked 
|  54|0x0000000083600000, 0x0000000083700000, 0x0000000083700000|100%| O|  |TAMS 0x0000000083700000, 0x0000000083600000| Untracked 
|  55|0x0000000083700000, 0x0000000083800000, 0x0000000083800000|100%| O|  |TAMS 0x0000000083800000, 0x0000000083700000| Untracked 
|  56|0x0000000083800000, 0x0000000083900000, 0x0000000083900000|100%| O|  |TAMS 0x0000000083900000, 0x0000000083800000| Untracked 
|  57|0x0000000083900000, 0x0000000083a00000, 0x0000000083a00000|100%| O|  |TAMS 0x0000000083a00000, 0x0000000083900000| Untracked 
|  58|0x0000000083a00000, 0x0000000083b00000, 0x0000000083b00000|100%| O|  |TAMS 0x0000000083b00000, 0x0000000083a00000| Untracked 
|  59|0x0000000083b00000, 0x0000000083c00000, 0x0000000083c00000|100%| O|  |TAMS 0x0000000083c00000, 0x0000000083b00000| Untracked 
|  60|0x0000000083c00000, 0x0000000083d00000, 0x0000000083d00000|100%| O|  |TAMS 0x0000000083d00000, 0x0000000083c00000| Untracked 
|  61|0x0000000083d00000, 0x0000000083e00000, 0x0000000083e00000|100%| O|  |TAMS 0x0000000083e00000, 0x0000000083d00000| Untracked 
|  62|0x0000000083e00000, 0x0000000083f00000, 0x0000000083f00000|100%| O|  |TAMS 0x0000000083f00000, 0x0000000083e00000| Untracked 
|  63|0x0000000083f00000, 0x0000000084000000, 0x0000000084000000|100%| O|  |TAMS 0x0000000084000000, 0x0000000083f00000| Untracked 
|  64|0x0000000084000000, 0x0000000084100000, 0x0000000084100000|100%| O|  |TAMS 0x0000000084100000, 0x0000000084000000| Untracked 
|  65|0x0000000084100000, 0x0000000084200000, 0x0000000084200000|100%| O|  |TAMS 0x0000000084200000, 0x0000000084100000| Untracked 
|  66|0x0000000084200000, 0x0000000084300000, 0x0000000084300000|100%| O|  |TAMS 0x0000000084300000, 0x0000000084200000| Untracked 
|  67|0x0000000084300000, 0x0000000084400000, 0x0000000084400000|100%| O|  |TAMS 0x0000000084400000, 0x0000000084300000| Untracked 
|  68|0x0000000084400000, 0x0000000084500000, 0x0000000084500000|100%| O|  |TAMS 0x0000000084500000, 0x0000000084400000| Untracked 
|  69|0x0000000084500000, 0x0000000084600000, 0x0000000084600000|100%| O|  |TAMS 0x0000000084600000, 0x0000000084500000| Untracked 
|  70|0x0000000084600000, 0x000000008466e400, 0x0000000084700000| 43%| O|  |TAMS 0x000000008466e400, 0x0000000084600000| Untracked 
|  71|0x0000000084700000, 0x0000000084700000, 0x0000000084800000|  0%| F|  |TAMS 0x0000000084700000, 0x0000000084700000| Untracked 
|  72|0x0000000084800000, 0x0000000084800000, 0x0000000084900000|  0%| F|  |TAMS 0x0000000084800000, 0x0000000084800000| Untracked 
|  73|0x0000000084900000, 0x0000000084900000, 0x0000000084a00000|  0%| F|  |TAMS 0x0000000084900000, 0x0000000084900000| Untracked 
|  74|0x0000000084a00000, 0x0000000084a00000, 0x0000000084b00000|  0%| F|  |TAMS 0x0000000084a00000, 0x0000000084a00000| Untracked 
|  75|0x0000000084b00000, 0x0000000084b00000, 0x0000000084c00000|  0%| F|  |TAMS 0x0000000084b00000, 0x0000000084b00000| Untracked 
|  76|0x0000000084c00000, 0x0000000084c00000, 0x0000000084d00000|  0%| F|  |TAMS 0x0000000084c00000, 0x0000000084c00000| Untracked 
|  77|0x0000000084d00000, 0x0000000084d00000, 0x0000000084e00000|  0%| F|  |TAMS 0x0000000084d00000, 0x0000000084d00000| Untracked 
|  78|0x0000000084e00000, 0x0000000084e00000, 0x0000000084f00000|  0%| F|  |TAMS 0x0000000084e00000, 0x0000000084e00000| Untracked 
|  79|0x0000000084f00000, 0x0000000084f00000, 0x0000000085000000|  0%| F|  |TAMS 0x0000000084f00000, 0x0000000084f00000| Untracked 
|  80|0x0000000085000000, 0x0000000085000000, 0x0000000085100000|  0%| F|  |TAMS 0x0000000085000000, 0x0000000085000000| Untracked 
|  81|0x0000000085100000, 0x0000000085100000, 0x0000000085200000|  0%| F|  |TAMS 0x0000000085100000, 0x0000000085100000| Untracked 
|  82|0x0000000085200000, 0x0000000085300000, 0x0000000085300000|100%| O|  |TAMS 0x0000000085300000, 0x0000000085200000| Untracked 
|  83|0x0000000085300000, 0x0000000085300000, 0x0000000085400000|  0%| F|  |TAMS 0x0000000085300000, 0x0000000085300000| Untracked 
|  84|0x0000000085400000, 0x0000000085400000, 0x0000000085500000|  0%| F|  |TAMS 0x0000000085400000, 0x0000000085400000| Untracked 
|  85|0x0000000085500000, 0x0000000085500000, 0x0000000085600000|  0%| F|  |TAMS 0x0000000085500000, 0x0000000085500000| Untracked 
|  86|0x0000000085600000, 0x0000000085700000, 0x0000000085700000|100%| O|  |TAMS 0x0000000085700000, 0x0000000085600000| Untracked 
|  87|0x0000000085700000, 0x0000000085800000, 0x0000000085800000|100%| O|  |TAMS 0x0000000085800000, 0x0000000085700000| Untracked 
|  88|0x0000000085800000, 0x0000000085900000, 0x0000000085900000|100%| O|  |TAMS 0x0000000085900000, 0x0000000085800000| Untracked 
|  89|0x0000000085900000, 0x0000000085a00000, 0x0000000085a00000|100%| O|  |TAMS 0x0000000085a00000, 0x0000000085900000| Untracked 
|  90|0x0000000085a00000, 0x0000000085b00000, 0x0000000085b00000|100%| O|  |TAMS 0x0000000085b00000, 0x0000000085a00000| Untracked 
|  91|0x0000000085b00000, 0x0000000085c00000, 0x0000000085c00000|100%| O|  |TAMS 0x0000000085c00000, 0x0000000085b00000| Untracked 
|  92|0x0000000085c00000, 0x0000000085d00000, 0x0000000085d00000|100%| O|  |TAMS 0x0000000085d00000, 0x0000000085c00000| Untracked 
|  93|0x0000000085d00000, 0x0000000085d00000, 0x0000000085e00000|  0%| F|  |TAMS 0x0000000085d00000, 0x0000000085d00000| Untracked 
|  94|0x0000000085e00000, 0x0000000085e00000, 0x0000000085f00000|  0%| F|  |TAMS 0x0000000085e00000, 0x0000000085e00000| Untracked 
|  95|0x0000000085f00000, 0x0000000085f00000, 0x0000000086000000|  0%| F|  |TAMS 0x0000000085f00000, 0x0000000085f00000| Untracked 
|  96|0x0000000086000000, 0x0000000086100000, 0x0000000086100000|100%| O|  |TAMS 0x0000000086100000, 0x0000000086000000| Untracked 
|  97|0x0000000086100000, 0x0000000086200000, 0x0000000086200000|100%| O|  |TAMS 0x0000000086200000, 0x0000000086100000| Untracked 
|  98|0x0000000086200000, 0x0000000086300000, 0x0000000086300000|100%| O|  |TAMS 0x0000000086300000, 0x0000000086200000| Untracked 
|  99|0x0000000086300000, 0x0000000086400000, 0x0000000086400000|100%| O|  |TAMS 0x0000000086400000, 0x0000000086300000| Untracked 
| 100|0x0000000086400000, 0x0000000086500000, 0x0000000086500000|100%| O|  |TAMS 0x0000000086500000, 0x0000000086400000| Untracked 
| 101|0x0000000086500000, 0x0000000086500000, 0x0000000086600000|  0%| F|  |TAMS 0x0000000086500000, 0x0000000086500000| Untracked 
| 102|0x0000000086600000, 0x0000000086600000, 0x0000000086700000|  0%| F|  |TAMS 0x0000000086600000, 0x0000000086600000| Untracked 
| 103|0x0000000086700000, 0x0000000086700000, 0x0000000086800000|  0%| F|  |TAMS 0x0000000086700000, 0x0000000086700000| Untracked 
| 104|0x0000000086800000, 0x0000000086800000, 0x0000000086900000|  0%| F|  |TAMS 0x0000000086800000, 0x0000000086800000| Untracked 
| 105|0x0000000086900000, 0x0000000086900000, 0x0000000086a00000|  0%| F|  |TAMS 0x0000000086900000, 0x0000000086900000| Untracked 
| 106|0x0000000086a00000, 0x0000000086a00000, 0x0000000086b00000|  0%| F|  |TAMS 0x0000000086a00000, 0x0000000086a00000| Untracked 
| 107|0x0000000086b00000, 0x0000000086b00000, 0x0000000086c00000|  0%| F|  |TAMS 0x0000000086b00000, 0x0000000086b00000| Untracked 
| 108|0x0000000086c00000, 0x0000000086c00000, 0x0000000086d00000|  0%| F|  |TAMS 0x0000000086c00000, 0x0000000086c00000| Untracked 
| 109|0x0000000086d00000, 0x0000000086d00000, 0x0000000086e00000|  0%| F|  |TAMS 0x0000000086d00000, 0x0000000086d00000| Untracked 
| 110|0x0000000086e00000, 0x0000000086e00000, 0x0000000086f00000|  0%| F|  |TAMS 0x0000000086e00000, 0x0000000086e00000| Untracked 
| 111|0x0000000086f00000, 0x0000000086f00000, 0x0000000087000000|  0%| F|  |TAMS 0x0000000086f00000, 0x0000000086f00000| Untracked 
| 112|0x0000000087000000, 0x0000000087000000, 0x0000000087100000|  0%| F|  |TAMS 0x0000000087000000, 0x0000000087000000| Untracked 
| 113|0x0000000087100000, 0x0000000087100000, 0x0000000087200000|  0%| F|  |TAMS 0x0000000087100000, 0x0000000087100000| Untracked 
| 114|0x0000000087200000, 0x0000000087200000, 0x0000000087300000|  0%| F|  |TAMS 0x0000000087200000, 0x0000000087200000| Untracked 
| 115|0x0000000087300000, 0x0000000087300000, 0x0000000087400000|  0%| F|  |TAMS 0x0000000087300000, 0x0000000087300000| Untracked 
| 116|0x0000000087400000, 0x0000000087400000, 0x0000000087500000|  0%| F|  |TAMS 0x0000000087400000, 0x0000000087400000| Untracked 
| 117|0x0000000087500000, 0x0000000087500000, 0x0000000087600000|  0%| F|  |TAMS 0x0000000087500000, 0x0000000087500000| Untracked 
| 118|0x0000000087600000, 0x0000000087600000, 0x0000000087700000|  0%| F|  |TAMS 0x0000000087600000, 0x0000000087600000| Untracked 
| 119|0x0000000087700000, 0x0000000087700000, 0x0000000087800000|  0%| F|  |TAMS 0x0000000087700000, 0x0000000087700000| Untracked 
| 120|0x0000000087800000, 0x0000000087800000, 0x0000000087900000|  0%| F|  |TAMS 0x0000000087800000, 0x0000000087800000| Untracked 
| 121|0x0000000087900000, 0x0000000087900000, 0x0000000087a00000|  0%| F|  |TAMS 0x0000000087900000, 0x0000000087900000| Untracked 
| 122|0x0000000087a00000, 0x0000000087a00000, 0x0000000087b00000|  0%| F|  |TAMS 0x0000000087a00000, 0x0000000087a00000| Untracked 
| 123|0x0000000087b00000, 0x0000000087b00000, 0x0000000087c00000|  0%| F|  |TAMS 0x0000000087b00000, 0x0000000087b00000| Untracked 
| 124|0x0000000087c00000, 0x0000000087c00000, 0x0000000087d00000|  0%| F|  |TAMS 0x0000000087c00000, 0x0000000087c00000| Untracked 
| 125|0x0000000087d00000, 0x0000000087d00000, 0x0000000087e00000|  0%| F|  |TAMS 0x0000000087d00000, 0x0000000087d00000| Untracked 
| 126|0x0000000087e00000, 0x0000000087e00000, 0x0000000087f00000|  0%| F|  |TAMS 0x0000000087e00000, 0x0000000087e00000| Untracked 
| 127|0x0000000087f00000, 0x0000000087f00000, 0x0000000088000000|  0%| F|  |TAMS 0x0000000087f00000, 0x0000000087f00000| Untracked 
| 128|0x0000000088000000, 0x0000000088000000, 0x0000000088100000|  0%| F|  |TAMS 0x0000000088000000, 0x0000000088000000| Untracked 
| 129|0x0000000088100000, 0x0000000088141568, 0x0000000088200000| 25%| S|CS|TAMS 0x0000000088100000, 0x0000000088100000| Complete 
| 130|0x0000000088200000, 0x0000000088300000, 0x0000000088300000|100%| S|CS|TAMS 0x0000000088200000, 0x0000000088200000| Complete 
| 131|0x0000000088300000, 0x0000000088400000, 0x0000000088400000|100%| S|CS|TAMS 0x0000000088300000, 0x0000000088300000| Complete 
| 132|0x0000000088400000, 0x0000000088500000, 0x0000000088500000|100%| S|CS|TAMS 0x0000000088400000, 0x0000000088400000| Complete 
| 133|0x0000000088500000, 0x0000000088600000, 0x0000000088600000|100%| S|CS|TAMS 0x0000000088500000, 0x0000000088500000| Complete 
| 134|0x0000000088600000, 0x0000000088700000, 0x0000000088700000|100%| S|CS|TAMS 0x0000000088600000, 0x0000000088600000| Complete 
| 135|0x0000000088700000, 0x0000000088800000, 0x0000000088800000|100%| S|CS|TAMS 0x0000000088700000, 0x0000000088700000| Complete 
| 136|0x0000000088800000, 0x0000000088900000, 0x0000000088900000|100%| S|CS|TAMS 0x0000000088800000, 0x0000000088800000| Complete 
| 137|0x0000000088900000, 0x0000000088a00000, 0x0000000088a00000|100%| S|CS|TAMS 0x0000000088900000, 0x0000000088900000| Complete 
| 138|0x0000000088a00000, 0x0000000088b00000, 0x0000000088b00000|100%| S|CS|TAMS 0x0000000088a00000, 0x0000000088a00000| Complete 
| 139|0x0000000088b00000, 0x0000000088b00000, 0x0000000088c00000|  0%| F|  |TAMS 0x0000000088b00000, 0x0000000088b00000| Untracked 
| 140|0x0000000088c00000, 0x0000000088c00000, 0x0000000088d00000|  0%| F|  |TAMS 0x0000000088c00000, 0x0000000088c00000| Untracked 
| 141|0x0000000088d00000, 0x0000000088d00000, 0x0000000088e00000|  0%| F|  |TAMS 0x0000000088d00000, 0x0000000088d00000| Untracked 
| 142|0x0000000088e00000, 0x0000000088e00000, 0x0000000088f00000|  0%| F|  |TAMS 0x0000000088e00000, 0x0000000088e00000| Untracked 
| 143|0x0000000088f00000, 0x0000000088f00000, 0x0000000089000000|  0%| F|  |TAMS 0x0000000088f00000, 0x0000000088f00000| Untracked 
| 144|0x0000000089000000, 0x0000000089000000, 0x0000000089100000|  0%| F|  |TAMS 0x0000000089000000, 0x0000000089000000| Untracked 
| 145|0x0000000089100000, 0x0000000089100000, 0x0000000089200000|  0%| F|  |TAMS 0x0000000089100000, 0x0000000089100000| Untracked 
| 146|0x0000000089200000, 0x0000000089200000, 0x0000000089300000|  0%| F|  |TAMS 0x0000000089200000, 0x0000000089200000| Untracked 
| 147|0x0000000089300000, 0x0000000089300000, 0x0000000089400000|  0%| F|  |TAMS 0x0000000089300000, 0x0000000089300000| Untracked 
| 148|0x0000000089400000, 0x0000000089400000, 0x0000000089500000|  0%| F|  |TAMS 0x0000000089400000, 0x0000000089400000| Untracked 
| 149|0x0000000089500000, 0x0000000089500000, 0x0000000089600000|  0%| F|  |TAMS 0x0000000089500000, 0x0000000089500000| Untracked 
| 150|0x0000000089600000, 0x0000000089600000, 0x0000000089700000|  0%| F|  |TAMS 0x0000000089600000, 0x0000000089600000| Untracked 
| 151|0x0000000089700000, 0x0000000089700000, 0x0000000089800000|  0%| F|  |TAMS 0x0000000089700000, 0x0000000089700000| Untracked 
| 152|0x0000000089800000, 0x0000000089800000, 0x0000000089900000|  0%| F|  |TAMS 0x0000000089800000, 0x0000000089800000| Untracked 
| 153|0x0000000089900000, 0x0000000089900000, 0x0000000089a00000|  0%| F|  |TAMS 0x0000000089900000, 0x0000000089900000| Untracked 
| 154|0x0000000089a00000, 0x0000000089a00000, 0x0000000089b00000|  0%| F|  |TAMS 0x0000000089a00000, 0x0000000089a00000| Untracked 
| 155|0x0000000089b00000, 0x0000000089b00000, 0x0000000089c00000|  0%| F|  |TAMS 0x0000000089b00000, 0x0000000089b00000| Untracked 
| 156|0x0000000089c00000, 0x0000000089c00000, 0x0000000089d00000|  0%| F|  |TAMS 0x0000000089c00000, 0x0000000089c00000| Untracked 
| 157|0x0000000089d00000, 0x0000000089d00000, 0x0000000089e00000|  0%| F|  |TAMS 0x0000000089d00000, 0x0000000089d00000| Untracked 
| 158|0x0000000089e00000, 0x0000000089e00000, 0x0000000089f00000|  0%| F|  |TAMS 0x0000000089e00000, 0x0000000089e00000| Untracked 
| 159|0x0000000089f00000, 0x0000000089f00000, 0x000000008a000000|  0%| F|  |TAMS 0x0000000089f00000, 0x0000000089f00000| Untracked 
| 160|0x000000008a000000, 0x000000008a000000, 0x000000008a100000|  0%| F|  |TAMS 0x000000008a000000, 0x000000008a000000| Untracked 
| 161|0x000000008a100000, 0x000000008a100000, 0x000000008a200000|  0%| F|  |TAMS 0x000000008a100000, 0x000000008a100000| Untracked 
| 162|0x000000008a200000, 0x000000008a200000, 0x000000008a300000|  0%| F|  |TAMS 0x000000008a200000, 0x000000008a200000| Untracked 
| 163|0x000000008a300000, 0x000000008a300000, 0x000000008a400000|  0%| F|  |TAMS 0x000000008a300000, 0x000000008a300000| Untracked 
| 164|0x000000008a400000, 0x000000008a400000, 0x000000008a500000|  0%| F|  |TAMS 0x000000008a400000, 0x000000008a400000| Untracked 
| 165|0x000000008a500000, 0x000000008a500000, 0x000000008a600000|  0%| F|  |TAMS 0x000000008a500000, 0x000000008a500000| Untracked 
| 166|0x000000008a600000, 0x000000008a600000, 0x000000008a700000|  0%| F|  |TAMS 0x000000008a600000, 0x000000008a600000| Untracked 
| 167|0x000000008a700000, 0x000000008a700000, 0x000000008a800000|  0%| F|  |TAMS 0x000000008a700000, 0x000000008a700000| Untracked 
| 168|0x000000008a800000, 0x000000008a800000, 0x000000008a900000|  0%| F|  |TAMS 0x000000008a800000, 0x000000008a800000| Untracked 
| 169|0x000000008a900000, 0x000000008a900000, 0x000000008aa00000|  0%| F|  |TAMS 0x000000008a900000, 0x000000008a900000| Untracked 
| 170|0x000000008aa00000, 0x000000008aa00000, 0x000000008ab00000|  0%| F|  |TAMS 0x000000008aa00000, 0x000000008aa00000| Untracked 
| 171|0x000000008ab00000, 0x000000008ab00000, 0x000000008ac00000|  0%| F|  |TAMS 0x000000008ab00000, 0x000000008ab00000| Untracked 
| 172|0x000000008ac00000, 0x000000008ac00000, 0x000000008ad00000|  0%| F|  |TAMS 0x000000008ac00000, 0x000000008ac00000| Untracked 
| 173|0x000000008ad00000, 0x000000008ad00000, 0x000000008ae00000|  0%| F|  |TAMS 0x000000008ad00000, 0x000000008ad00000| Untracked 
| 174|0x000000008ae00000, 0x000000008ae00000, 0x000000008af00000|  0%| F|  |TAMS 0x000000008ae00000, 0x000000008ae00000| Untracked 
| 175|0x000000008af00000, 0x000000008af00000, 0x000000008b000000|  0%| F|  |TAMS 0x000000008af00000, 0x000000008af00000| Untracked 
| 176|0x000000008b000000, 0x000000008b000000, 0x000000008b100000|  0%| F|  |TAMS 0x000000008b000000, 0x000000008b000000| Untracked 
| 177|0x000000008b100000, 0x000000008b100000, 0x000000008b200000|  0%| F|  |TAMS 0x000000008b100000, 0x000000008b100000| Untracked 
| 178|0x000000008b200000, 0x000000008b200000, 0x000000008b300000|  0%| F|  |TAMS 0x000000008b200000, 0x000000008b200000| Untracked 
| 179|0x000000008b300000, 0x000000008b300000, 0x000000008b400000|  0%| F|  |TAMS 0x000000008b300000, 0x000000008b300000| Untracked 
| 180|0x000000008b400000, 0x000000008b400000, 0x000000008b500000|  0%| F|  |TAMS 0x000000008b400000, 0x000000008b400000| Untracked 
| 181|0x000000008b500000, 0x000000008b500000, 0x000000008b600000|  0%| F|  |TAMS 0x000000008b500000, 0x000000008b500000| Untracked 
| 182|0x000000008b600000, 0x000000008b600000, 0x000000008b700000|  0%| F|  |TAMS 0x000000008b600000, 0x000000008b600000| Untracked 
| 183|0x000000008b700000, 0x000000008b700000, 0x000000008b800000|  0%| F|  |TAMS 0x000000008b700000, 0x000000008b700000| Untracked 
| 184|0x000000008b800000, 0x000000008b800000, 0x000000008b900000|  0%| F|  |TAMS 0x000000008b800000, 0x000000008b800000| Untracked 
| 185|0x000000008b900000, 0x000000008b900000, 0x000000008ba00000|  0%| F|  |TAMS 0x000000008b900000, 0x000000008b900000| Untracked 
| 186|0x000000008ba00000, 0x000000008ba00000, 0x000000008bb00000|  0%| F|  |TAMS 0x000000008ba00000, 0x000000008ba00000| Untracked 
| 187|0x000000008bb00000, 0x000000008bbb64e0, 0x000000008bc00000| 71%| E|  |TAMS 0x000000008bb00000, 0x000000008bb00000| Complete 
| 188|0x000000008bc00000, 0x000000008bd00000, 0x000000008bd00000|100%| E|CS|TAMS 0x000000008bc00000, 0x000000008bc00000| Complete 
| 189|0x000000008bd00000, 0x000000008be00000, 0x000000008be00000|100%| E|CS|TAMS 0x000000008bd00000, 0x000000008bd00000| Complete 
| 190|0x000000008be00000, 0x000000008bf00000, 0x000000008bf00000|100%| E|CS|TAMS 0x000000008be00000, 0x000000008be00000| Complete 
| 191|0x000000008bf00000, 0x000000008c000000, 0x000000008c000000|100%| E|CS|TAMS 0x000000008bf00000, 0x000000008bf00000| Complete 
| 192|0x000000008c000000, 0x000000008c100000, 0x000000008c100000|100%| E|CS|TAMS 0x000000008c000000, 0x000000008c000000| Complete 
| 193|0x000000008c100000, 0x000000008c200000, 0x000000008c200000|100%| E|CS|TAMS 0x000000008c100000, 0x000000008c100000| Complete 
| 194|0x000000008c200000, 0x000000008c300000, 0x000000008c300000|100%| E|CS|TAMS 0x000000008c200000, 0x000000008c200000| Complete 
| 195|0x000000008c300000, 0x000000008c400000, 0x000000008c400000|100%| E|CS|TAMS 0x000000008c300000, 0x000000008c300000| Complete 
| 196|0x000000008c400000, 0x000000008c500000, 0x000000008c500000|100%| E|CS|TAMS 0x000000008c400000, 0x000000008c400000| Complete 
| 197|0x000000008c500000, 0x000000008c600000, 0x000000008c600000|100%| E|CS|TAMS 0x000000008c500000, 0x000000008c500000| Complete 
| 198|0x000000008c600000, 0x000000008c700000, 0x000000008c700000|100%| E|CS|TAMS 0x000000008c600000, 0x000000008c600000| Complete 
| 199|0x000000008c700000, 0x000000008c800000, 0x000000008c800000|100%| E|CS|TAMS 0x000000008c700000, 0x000000008c700000| Complete 
| 200|0x000000008c800000, 0x000000008c900000, 0x000000008c900000|100%| E|CS|TAMS 0x000000008c800000, 0x000000008c800000| Complete 
| 201|0x000000008c900000, 0x000000008ca00000, 0x000000008ca00000|100%| E|CS|TAMS 0x000000008c900000, 0x000000008c900000| Complete 
| 202|0x000000008ca00000, 0x000000008cb00000, 0x000000008cb00000|100%| E|CS|TAMS 0x000000008ca00000, 0x000000008ca00000| Complete 
| 203|0x000000008cb00000, 0x000000008cc00000, 0x000000008cc00000|100%| E|CS|TAMS 0x000000008cb00000, 0x000000008cb00000| Complete 
| 204|0x000000008cc00000, 0x000000008ccffff8, 0x000000008cd00000| 99%| E|CS|TAMS 0x000000008cc00000, 0x000000008cc00000| Complete 
| 205|0x000000008cd00000, 0x000000008ce00000, 0x000000008ce00000|100%| E|CS|TAMS 0x000000008cd00000, 0x000000008cd00000| Complete 
| 206|0x000000008ce00000, 0x000000008cf00000, 0x000000008cf00000|100%| E|CS|TAMS 0x000000008ce00000, 0x000000008ce00000| Complete 
| 207|0x000000008cf00000, 0x000000008d000000, 0x000000008d000000|100%| E|CS|TAMS 0x000000008cf00000, 0x000000008cf00000| Complete 
| 208|0x000000008d000000, 0x000000008d100000, 0x000000008d100000|100%| E|CS|TAMS 0x000000008d000000, 0x000000008d000000| Complete 
| 209|0x000000008d100000, 0x000000008d200000, 0x000000008d200000|100%| E|CS|TAMS 0x000000008d100000, 0x000000008d100000| Complete 
| 210|0x000000008d200000, 0x000000008d300000, 0x000000008d300000|100%| E|  |TAMS 0x000000008d200000, 0x000000008d200000| Complete 
| 211|0x000000008d300000, 0x000000008d400000, 0x000000008d400000|100%| E|CS|TAMS 0x000000008d300000, 0x000000008d300000| Complete 
| 212|0x000000008d400000, 0x000000008d500000, 0x000000008d500000|100%| E|CS|TAMS 0x000000008d400000, 0x000000008d400000| Complete 
| 213|0x000000008d500000, 0x000000008d600000, 0x000000008d600000|100%| E|CS|TAMS 0x000000008d500000, 0x000000008d500000| Complete 
| 214|0x000000008d600000, 0x000000008d700000, 0x000000008d700000|100%| E|CS|TAMS 0x000000008d600000, 0x000000008d600000| Complete 
| 215|0x000000008d700000, 0x000000008d800000, 0x000000008d800000|100%| E|CS|TAMS 0x000000008d700000, 0x000000008d700000| Complete 
| 216|0x000000008d800000, 0x000000008d900000, 0x000000008d900000|100%| E|CS|TAMS 0x000000008d800000, 0x000000008d800000| Complete 
| 217|0x000000008d900000, 0x000000008da00000, 0x000000008da00000|100%| E|CS|TAMS 0x000000008d900000, 0x000000008d900000| Complete 
| 218|0x000000008da00000, 0x000000008db00000, 0x000000008db00000|100%| E|CS|TAMS 0x000000008da00000, 0x000000008da00000| Complete 
| 219|0x000000008db00000, 0x000000008dc00000, 0x000000008dc00000|100%| E|CS|TAMS 0x000000008db00000, 0x000000008db00000| Complete 

Card table byte_map: [0x000001aeea850000,0x000001aeeac50000] _byte_map_base: 0x000001aeea450000

Marking Bits (Prev, Next): (CMBitMap*) 0x000001aed0d58500, (CMBitMap*) 0x000001aed0d584c8
 Prev Bits: [0x000001aeed050000, 0x000001aeef050000)
 Next Bits: [0x000001aeeb050000, 0x000001aeed050000)

Polling page: 0x000001aed0e00000

Metaspace:

Usage:
  Non-class:     80.99 MB capacity,    79.51 MB ( 98%) used,     1.24 MB (  2%) free+waste,   251.06 KB ( <1%) overhead. 
      Class:     12.14 MB capacity,    11.35 MB ( 93%) used,   696.73 KB (  6%) free+waste,   111.38 KB ( <1%) overhead. 
       Both:     93.13 MB capacity,    90.85 MB ( 98%) used,     1.92 MB (  2%) free+waste,   362.44 KB ( <1%) overhead. 

Virtual space:
  Non-class space:       82.00 MB reserved,      81.00 MB ( 99%) committed 
      Class space:        1.00 GB reserved,      12.25 MB (  1%) committed 
             Both:        1.08 GB reserved,      93.25 MB (  8%) committed 

Chunk freelists:
   Non-Class:  1.25 KB
       Class:  10.50 KB
        Both:  11.75 KB

CodeHeap 'non-profiled nmethods': size=120000Kb used=7096Kb max_used=7096Kb free=112904Kb
 bounds [0x000001aee24b0000, 0x000001aee2ba0000, 0x000001aee99e0000]
CodeHeap 'profiled nmethods': size=120000Kb used=27199Kb max_used=27199Kb free=92800Kb
 bounds [0x000001aedaf80000, 0x000001aedca10000, 0x000001aee24b0000]
CodeHeap 'non-nmethods': size=5760Kb used=2331Kb max_used=2357Kb free=3428Kb
 bounds [0x000001aeda9e0000, 0x000001aedac50000, 0x000001aedaf80000]
 total_blobs=13866 nmethods=12965 adapters=810
 compilation: enabled
              stopped_count=0, restarted_count=0
 full_count=0

Compilation events (10 events):
Event: 16.534 Thread 0x000001aef1b5c000 nmethod 13169 0x000001aedc9f5b90 code [0x000001aedc9f5d80, 0x000001aedc9f6158]
Event: 16.534 Thread 0x000001aef1b5c000 13170       2       com.google.common.collect.RegularImmutableSortedSet::<init> (11 bytes)
Event: 16.534 Thread 0x000001aef1b5c000 nmethod 13170 0x000001aedc9f6310 code [0x000001aedc9f64c0, 0x000001aedc9f6678]
Event: 16.534 Thread 0x000001aef1b5c000 13171       2       com.google.common.collect.ImmutableSortedSet::<init> (10 bytes)
Event: 16.534 Thread 0x000001aef1b5c000 nmethod 13171 0x000001aedc9f6710 code [0x000001aedc9f68a0, 0x000001aedc9f69d8]
Event: 16.534 Thread 0x000001aef1b5c000 13172       2       com.google.common.collect.ImmutableSortedSetFauxverideShim::<init> (5 bytes)
Event: 16.534 Thread 0x000001aef1b5c000 nmethod 13172 0x000001aedc9f6a90 code [0x000001aedc9f6c20, 0x000001aedc9f6d18]
Event: 16.534 Thread 0x000001aef1b5c000 13173       2       sun.nio.ch.FileChannelImpl::<init> (144 bytes)
Event: 16.535 Thread 0x000001aef1b5c000 nmethod 13173 0x000001aedc9f6d90 code [0x000001aedc9f6f80, 0x000001aedc9f7858]
Event: 16.535 Thread 0x000001aef1b5c000 13175       2       org.gradle.api.internal.FilePropertyContainer::iterator (106 bytes)

GC Heap History (10 events):
Event: 14.615 GC heap before
{Heap before GC invocations=32 (full 0):
 garbage-first heap   total 187392K, used 132091K [0x0000000080000000, 0x0000000100000000)
  region size 1024K, 45 young (46080K), 4 survivors (4096K)
 Metaspace       used 88038K, capacity 90274K, committed 90624K, reserved 1128448K
  class space    used 11076K, capacity 11846K, committed 12032K, reserved 1048576K
}
Event: 14.619 GC heap after
{Heap after GC invocations=33 (full 0):
 garbage-first heap   total 187392K, used 90968K [0x0000000080000000, 0x0000000100000000)
  region size 1024K, 1 young (1024K), 1 survivors (1024K)
 Metaspace       used 88038K, capacity 90274K, committed 90624K, reserved 1128448K
  class space    used 11076K, capacity 11846K, committed 12032K, reserved 1048576K
}
Event: 14.656 GC heap before
{Heap before GC invocations=33 (full 0):
 garbage-first heap   total 187392K, used 116568K [0x0000000080000000, 0x0000000100000000)
  region size 1024K, 9 young (9216K), 1 survivors (1024K)
 Metaspace       used 88056K, capacity 90274K, committed 90624K, reserved 1128448K
  class space    used 11077K, capacity 11846K, committed 12032K, reserved 1048576K
}
Event: 14.658 GC heap after
{Heap after GC invocations=34 (full 0):
 garbage-first heap   total 187392K, used 103832K [0x0000000080000000, 0x0000000100000000)
  region size 1024K, 1 young (1024K), 1 survivors (1024K)
 Metaspace       used 88056K, capacity 90274K, committed 90624K, reserved 1128448K
  class space    used 11077K, capacity 11846K, committed 12032K, reserved 1048576K
}
Event: 14.676 GC heap before
{Heap before GC invocations=34 (full 0):
 garbage-first heap   total 187392K, used 105880K [0x0000000080000000, 0x0000000100000000)
  region size 1024K, 5 young (5120K), 1 survivors (1024K)
 Metaspace       used 88101K, capacity 90338K, committed 90880K, reserved 1128448K
  class space    used 11077K, capacity 11846K, committed 12032K, reserved 1048576K
}
Event: 14.679 GC heap after
{Heap after GC invocations=35 (full 0):
 garbage-first heap   total 225280K, used 103817K [0x0000000080000000, 0x0000000100000000)
  region size 1024K, 1 young (1024K), 1 survivors (1024K)
 Metaspace       used 88101K, capacity 90338K, committed 90880K, reserved 1128448K
  class space    used 11077K, capacity 11846K, committed 12032K, reserved 1048576K
}
Event: 15.368 GC heap before
{Heap before GC invocations=36 (full 0):
 garbage-first heap   total 225280K, used 201097K [0x0000000080000000, 0x0000000100000000)
  region size 1024K, 68 young (69632K), 1 survivors (1024K)
 Metaspace       used 90228K, capacity 92465K, committed 92928K, reserved 1130496K
  class space    used 11335K, capacity 12084K, committed 12288K, reserved 1048576K
}
Event: 15.374 GC heap after
{Heap after GC invocations=37 (full 0):
 garbage-first heap   total 225280K, used 86976K [0x0000000080000000, 0x0000000100000000)
  region size 1024K, 2 young (2048K), 2 survivors (2048K)
 Metaspace       used 90228K, capacity 92465K, committed 92928K, reserved 1130496K
  class space    used 11335K, capacity 12084K, committed 12288K, reserved 1048576K
}
Event: 16.285 GC heap before
{Heap before GC invocations=37 (full 0):
 garbage-first heap   total 225280K, used 166848K [0x0000000080000000, 0x0000000100000000)
  region size 1024K, 81 young (82944K), 2 survivors (2048K)
 Metaspace       used 92654K, capacity 94958K, committed 95232K, reserved 1132544K
  class space    used 11585K, capacity 12386K, committed 12544K, reserved 1048576K
}
Event: 16.303 GC heap after
{Heap after GC invocations=38 (full 0):
 garbage-first heap   total 225280K, used 94910K [0x0000000080000000, 0x0000000100000000)
  region size 1024K, 10 young (10240K), 10 survivors (10240K)
 Metaspace       used 92654K, capacity 94958K, committed 95232K, reserved 1132544K
  class space    used 11585K, capacity 12386K, committed 12544K, reserved 1048576K
}

Deoptimization events (10 events):
Event: 15.322 Thread 0x000001aef83c0800 Uncommon trap: reason=unstable_if action=reinterpret pc=0x000001aee29ce6a4 method=java.util.jar.JarFile.getVersionedEntry(Ljava/lang/String;Ljava/util/jar/JarEntry;)Ljava/util/jar/JarEntry; @ 7 c2
Event: 15.694 Thread 0x000001aef3bbd800 Uncommon trap: reason=unstable_if action=reinterpret pc=0x000001aee2aec2b8 method=org.gradle.internal.snapshot.VfsRelativePath.compareToFirstSegment(Ljava/lang/String;Lorg/gradle/internal/snapshot/CaseSensitivity;)I @ 134 c2
Event: 15.694 Thread 0x000001aefa550000 Uncommon trap: reason=class_check action=maybe_recompile pc=0x000001aee2b3b0a8 method=org.apache.xerces.dom.ElementImpl.getTagName()Ljava/lang/String; @ 8 c2
Event: 15.694 Thread 0x000001aefa550000 Uncommon trap: reason=unstable_if action=reinterpret pc=0x000001aee2a454b0 method=org.apache.xerces.dom.ParentNode.nodeListItem(I)Lorg/w3c/dom/Node; @ 26 c2
Event: 15.695 Thread 0x000001aefa550000 Uncommon trap: reason=class_check action=maybe_recompile pc=0x000001aee2b3b0a8 method=org.apache.xerces.dom.ElementImpl.getTagName()Ljava/lang/String; @ 8 c2
Event: 15.695 Thread 0x000001aefa550000 Uncommon trap: reason=class_check action=maybe_recompile pc=0x000001aee2b3b0a8 method=org.apache.xerces.dom.ElementImpl.getTagName()Ljava/lang/String; @ 8 c2
Event: 15.695 Thread 0x000001aefa550000 Uncommon trap: reason=class_check action=maybe_recompile pc=0x000001aee2b3b0a8 method=org.apache.xerces.dom.ElementImpl.getTagName()Ljava/lang/String; @ 8 c2
Event: 15.761 Thread 0x000001aef5073000 Uncommon trap: reason=unstable_if action=reinterpret pc=0x000001aee2916fbc method=com.google.common.cache.LongAdder.add(J)V @ 46 c2
Event: 15.786 Thread 0x000001aef3bbd800 Uncommon trap: reason=unstable_if action=reinterpret pc=0x000001aee2ad7970 method=org.gradle.internal.snapshot.PathUtil.compareDifferentCharsIgnoringCase(CC)I @ 12 c2
Event: 16.535 Thread 0x000001aefa548800 Uncommon trap: reason=unstable_if action=reinterpret pc=0x000001aee2898c7c method=java.util.HashMap$HashIterator.<init>(Ljava/util/HashMap;)V @ 45 c2

Classes redefined (0 events):
No events

Internal exceptions (10 events):
Event: 16.533 Thread 0x000001aefa54d000 Exception <a 'sun/nio/fs/WindowsException'{0x000000008c5e79b0}> (0x000000008c5e79b0) thrown at [./open/src/hotspot/share/prims/jni.cpp, line 611]
Event: 16.533 Thread 0x000001aefa54d800 Exception <a 'sun/nio/fs/WindowsException'{0x000000008c5147f8}> (0x000000008c5147f8) thrown at [./open/src/hotspot/share/prims/jni.cpp, line 611]
Event: 16.533 Thread 0x000001aefa54e800 Exception <a 'sun/nio/fs/WindowsException'{0x000000008c59e238}> (0x000000008c59e238) thrown at [./open/src/hotspot/share/prims/jni.cpp, line 611]
Event: 16.533 Thread 0x000001aefa54e800 Exception <a 'sun/nio/fs/WindowsException'{0x000000008c59e7d0}> (0x000000008c59e7d0) thrown at [./open/src/hotspot/share/prims/jni.cpp, line 611]
Event: 16.533 Thread 0x000001aefa54d800 Exception <a 'sun/nio/fs/WindowsException'{0x000000008c515158}> (0x000000008c515158) thrown at [./open/src/hotspot/share/prims/jni.cpp, line 611]
Event: 16.534 Thread 0x000001aefa54d800 Exception <a 'sun/nio/fs/WindowsException'{0x000000008c5156f0}> (0x000000008c5156f0) thrown at [./open/src/hotspot/share/prims/jni.cpp, line 611]
Event: 16.534 Thread 0x000001aefa54d000 Exception <a 'sun/nio/fs/WindowsException'{0x000000008c5e8310}> (0x000000008c5e8310) thrown at [./open/src/hotspot/share/prims/jni.cpp, line 611]
Event: 16.535 Thread 0x000001aefa54d000 Exception <a 'sun/nio/fs/WindowsException'{0x000000008c5e88a8}> (0x000000008c5e88a8) thrown at [./open/src/hotspot/share/prims/jni.cpp, line 611]
Event: 16.536 Thread 0x000001aefa548000 Exception <a 'sun/nio/fs/WindowsException'{0x000000008c4664f0}> (0x000000008c4664f0) thrown at [./open/src/hotspot/share/prims/jni.cpp, line 611]
Event: 16.536 Thread 0x000001aefa551800 Exception <a 'sun/nio/fs/WindowsException'{0x000000008c5b3f18}> (0x000000008c5b3f18) thrown at [./open/src/hotspot/share/prims/jni.cpp, line 611]

Events (10 events):
Event: 16.525 Thread 0x000001aef3bbd800 DEOPT UNPACKING pc=0x000001aedaa06dde sp=0x0000009f8faf6648 mode 0
Event: 16.526 Thread 0x000001aef3bbd800 DEOPT PACKING pc=0x000001aedc858dee sp=0x0000009f8faf7100
Event: 16.526 Thread 0x000001aef3bbd800 DEOPT UNPACKING pc=0x000001aedaa06dde sp=0x0000009f8faf6648 mode 0
Event: 16.527 Thread 0x000001aef3bbd800 DEOPT PACKING pc=0x000001aedc858f1a sp=0x0000009f8faf7100
Event: 16.527 Thread 0x000001aef3bbd800 DEOPT UNPACKING pc=0x000001aedaa06dde sp=0x0000009f8faf6648 mode 0
Event: 16.528 Thread 0x000001aef3bbd800 DEOPT PACKING pc=0x000001aedc858dee sp=0x0000009f8faf70f0
Event: 16.528 Thread 0x000001aef3bbd800 DEOPT UNPACKING pc=0x000001aedaa06dde sp=0x0000009f8faf6638 mode 0
Event: 16.535 Thread 0x000001aefa548800 Uncommon trap: trap_request=0xffffff4d fr.pc=0x000001aee2898c7c relative=0x000000000000069c
Event: 16.535 Thread 0x000001aefa548800 DEOPT PACKING pc=0x000001aee2898c7c sp=0x0000009f928fe960
Event: 16.535 Thread 0x000001aefa548800 DEOPT UNPACKING pc=0x000001aedaa0662f sp=0x0000009f928fe7e8 mode 2


Dynamic libraries:
0x00007ff7518a0000 - 0x00007ff7518af000 	C:\Program Files\Java\jdk-11.0.12\bin\java.exe
0x00007ffdca130000 - 0x00007ffdca325000 	C:\WINDOWS\SYSTEM32\ntdll.dll
0x00007ffdc98a0000 - 0x00007ffdc995e000 	C:\WINDOWS\System32\KERNEL32.DLL
0x00007ffdc7ca0000 - 0x00007ffdc7f69000 	C:\WINDOWS\System32\KERNELBASE.dll
0x00007ffdc8080000 - 0x00007ffdc8180000 	C:\WINDOWS\System32\ucrtbase.dll
0x00007ffd981e0000 - 0x00007ffd981f5000 	C:\Program Files\Java\jdk-11.0.12\bin\VCRUNTIME140.dll
0x00007ffd950a0000 - 0x00007ffd950b8000 	C:\Program Files\Java\jdk-11.0.12\bin\jli.dll
0x00007ffdc90e0000 - 0x00007ffdc918c000 	C:\WINDOWS\System32\ADVAPI32.dll
0x00007ffdca050000 - 0x00007ffdca0ee000 	C:\WINDOWS\System32\msvcrt.dll
0x00007ffdc9440000 - 0x00007ffdc94db000 	C:\WINDOWS\System32\sechost.dll
0x00007ffdc8460000 - 0x00007ffdc858a000 	C:\WINDOWS\System32\RPCRT4.dll
0x00007ffdc8f30000 - 0x00007ffdc90d1000 	C:\WINDOWS\System32\USER32.dll
0x00007ffdc8050000 - 0x00007ffdc8072000 	C:\WINDOWS\System32\win32u.dll
0x00007ffdc9360000 - 0x00007ffdc938b000 	C:\WINDOWS\System32\GDI32.dll
0x00007ffdb44f0000 - 0x00007ffdb478a000 	C:\WINDOWS\WinSxS\amd64_microsoft.windows.common-controls_6595b64144ccf1df_6.0.19041.1110_none_60b5254171f9507e\COMCTL32.dll
0x00007ffdc7b90000 - 0x00007ffdc7c9b000 	C:\WINDOWS\System32\gdi32full.dll
0x00007ffdc7990000 - 0x00007ffdc7a2d000 	C:\WINDOWS\System32\msvcp_win.dll
0x00007ffdc19c0000 - 0x00007ffdc19ca000 	C:\WINDOWS\SYSTEM32\VERSION.dll
0x00007ffdc9330000 - 0x00007ffdc9360000 	C:\WINDOWS\System32\IMM32.DLL
0x00007ffd7f770000 - 0x00007ffd7f80b000 	C:\Program Files\Java\jdk-11.0.12\bin\msvcp140.dll
0x00007ffd6c340000 - 0x00007ffd6ce3f000 	C:\Program Files\Java\jdk-11.0.12\bin\server\jvm.dll
0x00007ffdc8300000 - 0x00007ffdc8308000 	C:\WINDOWS\System32\PSAPI.DLL
0x00007ffda9940000 - 0x00007ffda9949000 	C:\WINDOWS\SYSTEM32\WSOCK32.dll
0x00007ffdb44c0000 - 0x00007ffdb44e7000 	C:\WINDOWS\SYSTEM32\WINMM.dll
0x00007ffdc92c0000 - 0x00007ffdc932b000 	C:\WINDOWS\System32\WS2_32.dll
0x00007ffdc6090000 - 0x00007ffdc60a2000 	C:\WINDOWS\SYSTEM32\kernel.appcore.dll
0x00007ffdb3090000 - 0x00007ffdb30a0000 	C:\Program Files\Java\jdk-11.0.12\bin\verify.dll
0x00007ffdc5620000 - 0x00007ffdc5804000 	C:\WINDOWS\SYSTEM32\DBGHELP.DLL
0x00007ffdb1dc0000 - 0x00007ffdb1dec000 	C:\WINDOWS\SYSTEM32\dbgcore.DLL
0x00007ffdc7850000 - 0x00007ffdc78d3000 	C:\WINDOWS\System32\bcryptPrimitives.dll
0x00007ffd948d0000 - 0x00007ffd948f8000 	C:\Program Files\Java\jdk-11.0.12\bin\java.dll
0x00007ffdb20f0000 - 0x00007ffdb20fa000 	C:\Program Files\Java\jdk-11.0.12\bin\jimage.dll
0x00007ffd93cb0000 - 0x00007ffd93cc6000 	C:\Program Files\Java\jdk-11.0.12\bin\zip.dll
0x00007ffdc8590000 - 0x00007ffdc8ccf000 	C:\WINDOWS\System32\SHELL32.dll
0x00007ffdc5810000 - 0x00007ffdc5fa0000 	C:\WINDOWS\SYSTEM32\windows.storage.dll
0x00007ffdc94e0000 - 0x00007ffdc9835000 	C:\WINDOWS\System32\combase.dll
0x00007ffdc72a0000 - 0x00007ffdc72cc000 	C:\WINDOWS\SYSTEM32\Wldp.dll
0x00007ffdc9390000 - 0x00007ffdc943d000 	C:\WINDOWS\System32\SHCORE.dll
0x00007ffdc9840000 - 0x00007ffdc9895000 	C:\WINDOWS\System32\shlwapi.dll
0x00007ffdc7790000 - 0x00007ffdc77af000 	C:\WINDOWS\SYSTEM32\profapi.dll
0x00007ffd92ce0000 - 0x00007ffd92cf9000 	C:\Program Files\Java\jdk-11.0.12\bin\net.dll
0x00007ffdbee30000 - 0x00007ffdbef38000 	C:\WINDOWS\SYSTEM32\WINHTTP.dll
0x00007ffdc7000000 - 0x00007ffdc706a000 	C:\WINDOWS\system32\mswsock.dll
0x00007ffd92c70000 - 0x00007ffd92c82000 	C:\Program Files\Java\jdk-11.0.12\bin\nio.dll
0x00007ffd950c0000 - 0x00007ffd950e7000 	C:\Users\faizm\.gradle\native\8bec1ad78214c89d9ad589b4d07fe93259594b29d510b10fafb7a158f7737e5d\windows-amd64\native-platform.dll
0x00007ffd8e970000 - 0x00007ffd8eaad000 	C:\Users\faizm\.gradle\native\53dbd7edfb1c66fb8903c78663c9afc45aea4f116125fa6feffd364cf09443e8\windows-amd64\native-platform-file-events.dll
0x00007ffdaf1c0000 - 0x00007ffdaf1c9000 	C:\Program Files\Java\jdk-11.0.12\bin\management.dll
0x00007ffdaef60000 - 0x00007ffdaef6b000 	C:\Program Files\Java\jdk-11.0.12\bin\management_ext.dll
0x00007ffdc71f0000 - 0x00007ffdc7208000 	C:\WINDOWS\SYSTEM32\CRYPTSP.dll
0x00007ffdc6910000 - 0x00007ffdc6944000 	C:\WINDOWS\system32\rsaenh.dll
0x00007ffdc7fc0000 - 0x00007ffdc7fe7000 	C:\WINDOWS\System32\bcrypt.dll
0x00007ffdc7710000 - 0x00007ffdc773e000 	C:\WINDOWS\SYSTEM32\USERENV.dll
0x00007ffdc7210000 - 0x00007ffdc721c000 	C:\WINDOWS\SYSTEM32\CRYPTBASE.dll
0x00007ffdc6c80000 - 0x00007ffdc6cbb000 	C:\WINDOWS\SYSTEM32\IPHLPAPI.DLL
0x00007ffdc9960000 - 0x00007ffdc9968000 	C:\WINDOWS\System32\NSI.dll
0x00007ffdc0fd0000 - 0x00007ffdc0fe7000 	C:\WINDOWS\SYSTEM32\dhcpcsvc6.DLL
0x00007ffdc0df0000 - 0x00007ffdc0e0d000 	C:\WINDOWS\SYSTEM32\dhcpcsvc.DLL
0x00007ffdc6cc0000 - 0x00007ffdc6d8c000 	C:\WINDOWS\SYSTEM32\DNSAPI.dll
0x00007ffdc6570000 - 0x00007ffdc65a3000 	C:\WINDOWS\SYSTEM32\ntmarta.dll

dbghelp: loaded successfully - version: 4.0.5 - missing functions: none
symbol engine: initialized successfully - sym options: 0x614 - pdb path: .;C:\Program Files\Java\jdk-11.0.12\bin;C:\WINDOWS\SYSTEM32;C:\WINDOWS\WinSxS\amd64_microsoft.windows.common-controls_6595b64144ccf1df_6.0.19041.1110_none_60b5254171f9507e;C:\Program Files\Java\jdk-11.0.12\bin\server;C:\Users\faizm\.gradle\native\8bec1ad78214c89d9ad589b4d07fe93259594b29d510b10fafb7a158f7737e5d\windows-amd64;C:\Users\faizm\.gradle\native\53dbd7edfb1c66fb8903c78663c9afc45aea4f116125fa6feffd364cf09443e8\windows-amd64

VM Arguments:
jvm_args: --add-opens=java.base/java.util=ALL-UNNAMED --add-opens=java.base/java.lang=ALL-UNNAMED --add-opens=java.base/java.lang.invoke=ALL-UNNAMED --add-opens=java.base/java.util=ALL-UNNAMED --add-opens=java.prefs/java.util.prefs=ALL-UNNAMED --add-opens=java.prefs/java.util.prefs=ALL-UNNAMED --add-opens=java.base/java.nio.charset=ALL-UNNAMED --add-opens=java.base/java.net=ALL-UNNAMED --add-opens=java.base/java.util.concurrent.atomic=ALL-UNNAMED -Xmx2048m -Dfile.encoding=UTF-8 -Duser.country=IN -Duser.language=en -Duser.variant 
java_command: org.gradle.launcher.daemon.bootstrap.GradleDaemon 7.0.2
java_class_path (initial): C:\Users\faizm\.gradle\wrapper\dists\gradle-7.0.2-bin\857tjihv64xamwrf0h14cai3r\gradle-7.0.2\lib\gradle-launcher-7.0.2.jar
Launcher Type: SUN_STANDARD

[Global flags]
     intx CICompilerCount                          = 4                                         {product} {ergonomic}
     uint ConcGCThreads                            = 2                                         {product} {ergonomic}
     uint G1ConcRefinementThreads                  = 8                                         {product} {ergonomic}
   size_t G1HeapRegionSize                         = 1048576                                   {product} {ergonomic}
    uintx GCDrainStackTargetSize                   = 64                                        {product} {ergonomic}
   size_t InitialHeapSize                          = 132120576                                 {product} {ergonomic}
   size_t MarkStackSize                            = 4194304                                   {product} {ergonomic}
   size_t MaxHeapSize                              = 2147483648                                {product} {command line}
   size_t MaxNewSize                               = 1287651328                                {product} {ergonomic}
   size_t MinHeapDeltaBytes                        = 1048576                                   {product} {ergonomic}
    uintx NonNMethodCodeHeapSize                   = 5836300                                {pd product} {ergonomic}
    uintx NonProfiledCodeHeapSize                  = 122910970                              {pd product} {ergonomic}
    uintx ProfiledCodeHeapSize                     = 122910970                              {pd product} {ergonomic}
    uintx ReservedCodeCacheSize                    = 251658240                              {pd product} {ergonomic}
     bool SegmentedCodeCache                       = true                                      {product} {ergonomic}
     bool UseCompressedClassPointers               = true                                 {lp64_product} {ergonomic}
     bool UseCompressedOops                        = true                                 {lp64_product} {ergonomic}
     bool UseG1GC                                  = true                                      {product} {ergonomic}
     bool UseLargePagesIndividualAllocation        = false                                  {pd product} {ergonomic}

Logging:
Log output configuration:
 #0: stdout all=warning uptime,level,tags
 #1: stderr all=off uptime,level,tags

Environment Variables:
PATH=C:\Program Files\Common Files\Oracle\Java\javapath;C:\Program Files (x86)\NVIDIA Corporation\PhysX\Common;C:\WINDOWS\system32;C:\WINDOWS;C:\WINDOWS\System32\Wbem;C:\WINDOWS\System32\WindowsPowerShell\v1.0\;C:\WINDOWS\System32\OpenSSH\;C:\Program Files\NVIDIA Corporation\NVIDIA NvDLISR;C:\Program Files\Git\cmd;C:\Program Files\Java\jdk-11.0.12\bin;C:\Users\faizm\AppData\Local\Programs\Microsoft VS Code\bin
USERNAME=faizm
OS=Windows_NT
PROCESSOR_IDENTIFIER=Intel64 Family 6 Model 158 Stepping 10, GenuineIntel



---------------  S Y S T E M  ---------------

OS: Windows 10 , 64 bit Build 19041 (10.0.19041.1202)

CPU:total 8 (initial active 8) (4 cores per cpu, 2 threads per core) family 6 model 158 stepping 10 microcode 0xd2, cmov, cx8, fxsr, mmx, sse, sse2, sse3, ssse3, sse4.1, sse4.2, popcnt, avx, avx2, aes, clmul, erms, 3dnowpref, lzcnt, ht, tsc, tscinvbit, bmi1, bmi2, adx, fma

Memory: 4k page, system-wide physical 8044M (383M free)
TotalPageFile size 32620M (AvailPageFile size 0M)
current process WorkingSet (physical memory assigned to process): 437M, peak: 437M
current process commit charge ("private bytes"): 562M, peak: 563M

vm_info: Java HotSpot(TM) 64-Bit Server VM (11.0.12+8-LTS-237) for windows-amd64 JRE (11.0.12+8-LTS-237), built on Jun  8 2021 11:25:59 by "mach5one" with MS VC++ 15.9 (VS2017)

END.
